Using pre-set license
Built from '2021.3/staging' branch; Version is '2021.3.15f1 (e8e88683f834) revision 15263878'; Using compiler version '192829333'; Build Type 'Release'
OS: 'Windows 10  (10.0.19045) 64bit CoreSingleLanguage' Language: 'en' Physical Memory: 8099 MB
BatchMode: 1, IsHumanControllingUs: 0, StartBugReporterOnCrash: 0, Is64bit: 1, IsPro: 1

COMMAND LINE ARGUMENTS:
D:\UnityInstall\UnityEditor\2021.3.15f1\Editor\Unity.exe
-adb2
-batchMode
-noUpm
-name
AssetImportWorker0
-projectPath
D:/Outscal/UnityAdvance/battle-tank-game_Outscal
-logFile
Logs/AssetImportWorker0.log
-srvPort
52537
Successfully changed project path to: D:/Outscal/UnityAdvance/battle-tank-game_Outscal
D:/Outscal/UnityAdvance/battle-tank-game_Outscal
[UnityMemory] Configuration Parameters - Can be set up in boot.config
    "memorysetup-bucket-allocator-granularity=16"
    "memorysetup-bucket-allocator-bucket-count=8"
    "memorysetup-bucket-allocator-block-size=33554432"
    "memorysetup-bucket-allocator-block-count=8"
    "memorysetup-main-allocator-block-size=16777216"
    "memorysetup-thread-allocator-block-size=16777216"
    "memorysetup-gfx-main-allocator-block-size=16777216"
    "memorysetup-gfx-thread-allocator-block-size=16777216"
    "memorysetup-cache-allocator-block-size=4194304"
    "memorysetup-typetree-allocator-block-size=2097152"
    "memorysetup-profiler-bucket-allocator-granularity=16"
    "memorysetup-profiler-bucket-allocator-bucket-count=8"
    "memorysetup-profiler-bucket-allocator-block-size=33554432"
    "memorysetup-profiler-bucket-allocator-block-count=8"
    "memorysetup-profiler-allocator-block-size=16777216"
    "memorysetup-profiler-editor-allocator-block-size=1048576"
    "memorysetup-temp-allocator-size-main=16777216"
    "memorysetup-job-temp-allocator-block-size=2097152"
    "memorysetup-job-temp-allocator-block-size-background=1048576"
    "memorysetup-job-temp-allocator-reduction-small-platforms=262144"
    "memorysetup-temp-allocator-size-background-worker=32768"
    "memorysetup-temp-allocator-size-job-worker=262144"
    "memorysetup-temp-allocator-size-preload-manager=33554432"
    "memorysetup-temp-allocator-size-nav-mesh-worker=65536"
    "memorysetup-temp-allocator-size-audio-worker=65536"
    "memorysetup-temp-allocator-size-cloud-worker=32768"
    "memorysetup-temp-allocator-size-gi-baking-worker=262144"
    "memorysetup-temp-allocator-size-gfx=262144"
Player connection [12152] Host "[IP] 192.168.1.107 [Port] 0 [Flags] 2 [Guid] 763436169 [EditorId] 763436169 [Version] 1048832 [Id] WindowsEditor(7,LAPTOP-OJSTTD87) [Debug] 1 [PackageName] WindowsEditor [ProjectName] Editor" joined multi-casting on [225.0.0.222:54997]...

Player connection [12152] Host "[IP] 192.168.1.107 [Port] 0 [Flags] 2 [Guid] 763436169 [EditorId] 763436169 [Version] 1048832 [Id] WindowsEditor(7,LAPTOP-OJSTTD87) [Debug] 1 [PackageName] WindowsEditor [ProjectName] Editor" joined alternative multi-casting on [225.0.0.222:34997]...

Refreshing native plugins compatible for Editor in 89.25 ms, found 3 plugins.
Preloading 0 native plugins for Editor in 0.00 ms.
Initialize engine version: 2021.3.15f1 (e8e88683f834)
[Subsystems] Discovering subsystems at path D:/UnityInstall/UnityEditor/2021.3.15f1/Editor/Data/Resources/UnitySubsystems
[Subsystems] Discovering subsystems at path D:/Outscal/UnityAdvance/battle-tank-game_Outscal/Assets
GfxDevice: creating device client; threaded=0; jobified=0
Direct3D:
    Version:  Direct3D 11.0 [level 11.1]
    Renderer: NVIDIA GeForce GTX 1650 (ID=0x1f99)
    Vendor:   NVIDIA
    VRAM:     3962 MB
    Driver:   31.0.15.1700
Initialize mono
Mono path[0] = 'D:/UnityInstall/UnityEditor/2021.3.15f1/Editor/Data/Managed'
Mono path[1] = 'D:/UnityInstall/UnityEditor/2021.3.15f1/Editor/Data/MonoBleedingEdge/lib/mono/unityjit-win32'
Mono config path = 'D:/UnityInstall/UnityEditor/2021.3.15f1/Editor/Data/MonoBleedingEdge/etc'
Using monoOptions --debugger-agent=transport=dt_socket,embedding=1,server=y,suspend=n,address=127.0.0.1:56996
Begin MonoManager ReloadAssembly
Registering precompiled unity dll's ...
Register platform support module: D:/UnityInstall/UnityEditor/2021.3.15f1/Editor/Data/PlaybackEngines/AndroidPlayer/UnityEditor.Android.Extensions.dll
Register platform support module: D:/UnityInstall/UnityEditor/2021.3.15f1/Editor/Data/PlaybackEngines/iOSSupport/UnityEditor.iOS.Extensions.dll
Register platform support module: D:/UnityInstall/UnityEditor/2021.3.15f1/Editor/Data/PlaybackEngines/WindowsStandaloneSupport/UnityEditor.WindowsStandalone.Extensions.dll
Registered in 0.003064 seconds.
Native extension for WindowsStandalone target not found
[usbmuxd] Start listen thread
[usbmuxd] Listen thread started
Native extension for iOS target not found
Native extension for Android target not found
Refreshing native plugins compatible for Editor in 95.78 ms, found 3 plugins.
Preloading 0 native plugins for Editor in 0.00 ms.
Mono: successfully reloaded assembly
- Completed reload, in  0.666 seconds
Domain Reload Profiling:
	ReloadAssembly (666ms)
		BeginReloadAssembly (70ms)
			ExecutionOrderSort (0ms)
			DisableScriptedObjects (0ms)
			BackupInstance (0ms)
			ReleaseScriptingObjects (0ms)
			CreateAndSetChildDomain (1ms)
		EndReloadAssembly (503ms)
			LoadAssemblies (69ms)
			RebuildTransferFunctionScriptingTraits (0ms)
			SetupTypeCache (124ms)
			ReleaseScriptCaches (0ms)
			RebuildScriptCaches (32ms)
			SetupLoadedEditorAssemblies (299ms)
				LogAssemblyErrors (0ms)
				InitializePlatformSupportModulesInManaged (62ms)
				SetLoadedEditorAssemblies (2ms)
				RefreshPlugins (96ms)
				BeforeProcessingInitializeOnLoad (1ms)
				ProcessInitializeOnLoadAttributes (97ms)
				ProcessInitializeOnLoadMethodAttributes (41ms)
				AfterProcessingInitializeOnLoad (0ms)
				EditorAssembliesLoaded (0ms)
			ExecutionOrderSort2 (0ms)
			AwakeInstancesAfterBackupRestoration (0ms)
Platform modules already initialized, skipping
Registering precompiled user dll's ...
Registered in 0.003398 seconds.
Begin MonoManager ReloadAssembly
Symbol file LoadedFromMemory doesn't match image D:\Outscal\UnityAdvance\battle-tank-game_Outscal\Library\PackageCache\com.unity.visualscripting@1.7.8\Editor\VisualScripting.Core\Dependencies\YamlDotNet\Unity.VisualScripting.YamlDotNet.dll
Symbol file LoadedFromMemory doesn't match image D:\Outscal\UnityAdvance\battle-tank-game_Outscal\Library\PackageCache\com.unity.visualscripting@1.7.8\Editor\VisualScripting.Core\Dependencies\DotNetZip\Unity.VisualScripting.IonicZip.dll
Native extension for WindowsStandalone target not found
Native extension for iOS target not found
Native extension for Android target not found
Refreshing native plugins compatible for Editor in 0.70 ms, found 3 plugins.
Preloading 0 native plugins for Editor in 0.00 ms.
Mono: successfully reloaded assembly
Package Manager log level set to [2]
- Completed reload, in  1.095 seconds
Domain Reload Profiling:
	ReloadAssembly (1095ms)
		BeginReloadAssembly (218ms)
			ExecutionOrderSort (0ms)
			DisableScriptedObjects (5ms)
			BackupInstance (0ms)
			ReleaseScriptingObjects (0ms)
			CreateAndSetChildDomain (134ms)
		EndReloadAssembly (772ms)
			LoadAssemblies (79ms)
			RebuildTransferFunctionScriptingTraits (0ms)
			SetupTypeCache (243ms)
			ReleaseScriptCaches (1ms)
			RebuildScriptCaches (53ms)
			SetupLoadedEditorAssemblies (357ms)
				LogAssemblyErrors (0ms)
				InitializePlatformSupportModulesInManaged (25ms)
				SetLoadedEditorAssemblies (0ms)
				RefreshPlugins (1ms)
				BeforeProcessingInitializeOnLoad (84ms)
				ProcessInitializeOnLoadAttributes (221ms)
				ProcessInitializeOnLoadMethodAttributes (23ms)
				AfterProcessingInitializeOnLoad (2ms)
				EditorAssembliesLoaded (0ms)
			ExecutionOrderSort2 (0ms)
			AwakeInstancesAfterBackupRestoration (5ms)
Platform modules already initialized, skipping
========================================================================
Worker process is ready to serve import requests
Launched and connected shader compiler UnityShaderCompiler.exe after 0.05 seconds
Refreshing native plugins compatible for Editor in 1.32 ms, found 3 plugins.
Preloading 0 native plugins for Editor in 0.00 ms.
Unloading 3658 Unused Serialized files (Serialized files now loaded: 0)
Unloading 51 unused Assets / (1.3 MB). Loaded Objects now: 4095.
Memory consumption went from 132.6 MB to 131.3 MB.
Total: 5.626600 ms (FindLiveObjects: 0.631600 ms CreateObjectMapping: 0.477700 ms MarkObjects: 4.059200 ms  DeleteObjects: 0.455500 ms)

AssetImportParameters requested are different than current active one (requested -> active):
  custom:video-decoder-ogg-theora: a1e56fd34408186e4bbccfd4996cb3dc -> 
  custom:container-muxer-webm: aa71ff27fc2769a1b78a27578f13a17b -> 
  custom:container-demuxer-webm: 4f35f7cbe854078d1ac9338744f61a02 -> 
  custom:video-encoder-webm-vp8: eb34c28f22e8b96e1ab97ce403110664 -> 
  custom:video-codec-MediaFoundation-h265: 746d11721c4dcdbdad8f713fa42b33f4 -> 
  custom:audio-encoder-webm-vorbis: bf7c407c2cedff20999df2af8eb42d56 -> 
  custom:framework-win-MediaFoundation: 216162199b28c13a410421893ffa2e32 -> 
  custom:container-demuxer-ogg: 62fdf1f143b41e24485cea50d1cbac27 -> 
  custom:video-decoder-webm-vp8: 9c59270c3fd7afecdb556c50c9e8de78 -> 
  custom:audio-decoder-ogg-vorbis: bf7c407c2cedff20999df2af8eb42d56 -> 
========================================================================
Received Import Request.
  Time since last request: 68339.536135 seconds.
  path: Assets/#SiddharthVardeAssets/Scripts/TankMVC/TankView_VS.cs
  artifactKey: Guid(32a3539cf53acdd46843df4f992bbb8d) Importer(815301076,1909f56bfc062723c751e8b465ee728b)
Start importing Assets/#SiddharthVardeAssets/Scripts/TankMVC/TankView_VS.cs using Guid(32a3539cf53acdd46843df4f992bbb8d) Importer(815301076,1909f56bfc062723c751e8b465ee728b)  -> (artifact id: 'd8446186d4305de096a259fe3443474d') in 0.046837 seconds 
========================================================================
Received Prepare
Registering precompiled user dll's ...
Registered in 0.003008 seconds.
Begin MonoManager ReloadAssembly
Symbol file LoadedFromMemory doesn't match image D:\Outscal\UnityAdvance\battle-tank-game_Outscal\Library\PackageCache\com.unity.visualscripting@1.7.8\Editor\VisualScripting.Core\Dependencies\YamlDotNet\Unity.VisualScripting.YamlDotNet.dll
Symbol file LoadedFromMemory doesn't match image D:\Outscal\UnityAdvance\battle-tank-game_Outscal\Library\PackageCache\com.unity.visualscripting@1.7.8\Editor\VisualScripting.Core\Dependencies\DotNetZip\Unity.VisualScripting.IonicZip.dll
Native extension for WindowsStandalone target not found
Native extension for iOS target not found
Native extension for Android target not found
Refreshing native plugins compatible for Editor in 0.76 ms, found 3 plugins.
Preloading 0 native plugins for Editor in 0.00 ms.
Mono: successfully reloaded assembly
- Completed reload, in  0.951 seconds
Domain Reload Profiling:
	ReloadAssembly (952ms)
		BeginReloadAssembly (130ms)
			ExecutionOrderSort (0ms)
			DisableScriptedObjects (5ms)
			BackupInstance (0ms)
			ReleaseScriptingObjects (0ms)
			CreateAndSetChildDomain (36ms)
		EndReloadAssembly (738ms)
			LoadAssemblies (95ms)
			RebuildTransferFunctionScriptingTraits (0ms)
			SetupTypeCache (231ms)
			ReleaseScriptCaches (1ms)
			RebuildScriptCaches (44ms)
			SetupLoadedEditorAssemblies (344ms)
				LogAssemblyErrors (0ms)
				InitializePlatformSupportModulesInManaged (26ms)
				SetLoadedEditorAssemblies (0ms)
				RefreshPlugins (1ms)
				BeforeProcessingInitializeOnLoad (57ms)
				ProcessInitializeOnLoadAttributes (235ms)
				ProcessInitializeOnLoadMethodAttributes (23ms)
				AfterProcessingInitializeOnLoad (3ms)
				EditorAssembliesLoaded (0ms)
			ExecutionOrderSort2 (0ms)
			AwakeInstancesAfterBackupRestoration (6ms)
Platform modules already initialized, skipping
Refreshing native plugins compatible for Editor in 3.19 ms, found 3 plugins.
Preloading 0 native plugins for Editor in 0.00 ms.
Unloading 3626 Unused Serialized files (Serialized files now loaded: 0)
Unloading 44 unused Assets / (1.3 MB). Loaded Objects now: 4099.
Memory consumption went from 129.7 MB to 128.4 MB.
Total: 3.964000 ms (FindLiveObjects: 0.358900 ms CreateObjectMapping: 0.302300 ms MarkObjects: 3.008300 ms  DeleteObjects: 0.293700 ms)

AssetImportParameters requested are different than current active one (requested -> active):
  custom:video-decoder-ogg-theora: a1e56fd34408186e4bbccfd4996cb3dc -> 
  custom:container-muxer-webm: aa71ff27fc2769a1b78a27578f13a17b -> 
  custom:container-demuxer-webm: 4f35f7cbe854078d1ac9338744f61a02 -> 
  custom:video-encoder-webm-vp8: eb34c28f22e8b96e1ab97ce403110664 -> 
  custom:video-codec-MediaFoundation-h265: 746d11721c4dcdbdad8f713fa42b33f4 -> 
  custom:audio-encoder-webm-vorbis: bf7c407c2cedff20999df2af8eb42d56 -> 
  custom:framework-win-MediaFoundation: 216162199b28c13a410421893ffa2e32 -> 
  custom:container-demuxer-ogg: 62fdf1f143b41e24485cea50d1cbac27 -> 
  custom:video-decoder-webm-vp8: 9c59270c3fd7afecdb556c50c9e8de78 -> 
  custom:audio-decoder-ogg-vorbis: bf7c407c2cedff20999df2af8eb42d56 -> 
========================================================================
Received Import Request.
  Time since last request: 111.044313 seconds.
  path: Assets/#SiddharthVardeAssets/Scripts/TankMovementController_VS.cs
  artifactKey: Guid(e388c9c7b21be3f4a9d5e7b6ac38d98a) Importer(815301076,1909f56bfc062723c751e8b465ee728b)
Start importing Assets/#SiddharthVardeAssets/Scripts/TankMovementController_VS.cs using Guid(e388c9c7b21be3f4a9d5e7b6ac38d98a) Importer(815301076,1909f56bfc062723c751e8b465ee728b)  -> (artifact id: 'f22ef545fc008897e47997899401bd26') in 0.023088 seconds 
========================================================================
Received Prepare
Registering precompiled user dll's ...
Registered in 0.003216 seconds.
Begin MonoManager ReloadAssembly
Symbol file LoadedFromMemory doesn't match image D:\Outscal\UnityAdvance\battle-tank-game_Outscal\Library\PackageCache\com.unity.visualscripting@1.7.8\Editor\VisualScripting.Core\Dependencies\YamlDotNet\Unity.VisualScripting.YamlDotNet.dll
Symbol file LoadedFromMemory doesn't match image D:\Outscal\UnityAdvance\battle-tank-game_Outscal\Library\PackageCache\com.unity.visualscripting@1.7.8\Editor\VisualScripting.Core\Dependencies\DotNetZip\Unity.VisualScripting.IonicZip.dll
Native extension for WindowsStandalone target not found
Native extension for iOS target not found
Native extension for Android target not found
Refreshing native plugins compatible for Editor in 0.77 ms, found 3 plugins.
Preloading 0 native plugins for Editor in 0.00 ms.
Mono: successfully reloaded assembly
- Completed reload, in  1.076 seconds
Domain Reload Profiling:
	ReloadAssembly (1077ms)
		BeginReloadAssembly (146ms)
			ExecutionOrderSort (0ms)
			DisableScriptedObjects (5ms)
			BackupInstance (0ms)
			ReleaseScriptingObjects (0ms)
			CreateAndSetChildDomain (46ms)
		EndReloadAssembly (846ms)
			LoadAssemblies (92ms)
			RebuildTransferFunctionScriptingTraits (0ms)
			SetupTypeCache (245ms)
			ReleaseScriptCaches (2ms)
			RebuildScriptCaches (47ms)
			SetupLoadedEditorAssemblies (427ms)
				LogAssemblyErrors (0ms)
				InitializePlatformSupportModulesInManaged (29ms)
				SetLoadedEditorAssemblies (0ms)
				RefreshPlugins (1ms)
				BeforeProcessingInitializeOnLoad (70ms)
				ProcessInitializeOnLoadAttributes (293ms)
				ProcessInitializeOnLoadMethodAttributes (30ms)
				AfterProcessingInitializeOnLoad (3ms)
				EditorAssembliesLoaded (0ms)
			ExecutionOrderSort2 (0ms)
			AwakeInstancesAfterBackupRestoration (6ms)
Platform modules already initialized, skipping
Refreshing native plugins compatible for Editor in 3.13 ms, found 3 plugins.
Preloading 0 native plugins for Editor in 0.00 ms.
Unloading 3626 Unused Serialized files (Serialized files now loaded: 0)
Unloading 44 unused Assets / (1.3 MB). Loaded Objects now: 4102.
Memory consumption went from 129.7 MB to 128.4 MB.
Total: 4.487900 ms (FindLiveObjects: 0.325000 ms CreateObjectMapping: 0.312200 ms MarkObjects: 3.464500 ms  DeleteObjects: 0.384900 ms)

AssetImportParameters requested are different than current active one (requested -> active):
  custom:video-decoder-ogg-theora: a1e56fd34408186e4bbccfd4996cb3dc -> 
  custom:container-muxer-webm: aa71ff27fc2769a1b78a27578f13a17b -> 
  custom:container-demuxer-webm: 4f35f7cbe854078d1ac9338744f61a02 -> 
  custom:video-encoder-webm-vp8: eb34c28f22e8b96e1ab97ce403110664 -> 
  custom:video-codec-MediaFoundation-h265: 746d11721c4dcdbdad8f713fa42b33f4 -> 
  custom:audio-encoder-webm-vorbis: bf7c407c2cedff20999df2af8eb42d56 -> 
  custom:framework-win-MediaFoundation: 216162199b28c13a410421893ffa2e32 -> 
  custom:container-demuxer-ogg: 62fdf1f143b41e24485cea50d1cbac27 -> 
  custom:video-decoder-webm-vp8: 9c59270c3fd7afecdb556c50c9e8de78 -> 
  custom:audio-decoder-ogg-vorbis: bf7c407c2cedff20999df2af8eb42d56 -> 
========================================================================
Received Import Request.
  Time since last request: 32.877185 seconds.
  path: Assets/#SiddharthVardeAssets/Scripts/TankMVC/TankModel_VS.cs
  artifactKey: Guid(e388fa804908366479d1ffcc79bddc02) Importer(815301076,1909f56bfc062723c751e8b465ee728b)
Start importing Assets/#SiddharthVardeAssets/Scripts/TankMVC/TankModel_VS.cs using Guid(e388fa804908366479d1ffcc79bddc02) Importer(815301076,1909f56bfc062723c751e8b465ee728b)  -> (artifact id: '42705e88b232fbc35a1365eda1c1889a') in 0.025322 seconds 
========================================================================
Received Import Request.
  Time since last request: 9.890844 seconds.
  path: Assets/#SiddharthVardeAssets/Scripts/TankMVC/TankModel_VS.cs
  artifactKey: Guid(e388fa804908366479d1ffcc79bddc02) Importer(815301076,1909f56bfc062723c751e8b465ee728b)
Start importing Assets/#SiddharthVardeAssets/Scripts/TankMVC/TankModel_VS.cs using Guid(e388fa804908366479d1ffcc79bddc02) Importer(815301076,1909f56bfc062723c751e8b465ee728b)  -> (artifact id: 'a4100cdfdfb0440c08ea418cfa22bddc') in 0.002548 seconds 
========================================================================
Received Import Request.
  Time since last request: 3.319929 seconds.
  path: Assets/#SiddharthVardeAssets/Scripts/TankMVC/TankModel_VS.cs
  artifactKey: Guid(e388fa804908366479d1ffcc79bddc02) Importer(815301076,1909f56bfc062723c751e8b465ee728b)
Start importing Assets/#SiddharthVardeAssets/Scripts/TankMVC/TankModel_VS.cs using Guid(e388fa804908366479d1ffcc79bddc02) Importer(815301076,1909f56bfc062723c751e8b465ee728b)  -> (artifact id: '8870e46802735490542e6d346f11aa6b') in 0.002230 seconds 
========================================================================
Received Import Request.
  Time since last request: 7.098968 seconds.
  path: Assets/#SiddharthVardeAssets/Scripts/TankMVC/TankModel_VS.cs
  artifactKey: Guid(e388fa804908366479d1ffcc79bddc02) Importer(815301076,1909f56bfc062723c751e8b465ee728b)
Start importing Assets/#SiddharthVardeAssets/Scripts/TankMVC/TankModel_VS.cs using Guid(e388fa804908366479d1ffcc79bddc02) Importer(815301076,1909f56bfc062723c751e8b465ee728b)  -> (artifact id: 'b71a719e71ef5cb8d329f48d007fd933') in 0.002143 seconds 
========================================================================
Received Import Request.
  Time since last request: 1.802644 seconds.
  path: Assets/#SiddharthVardeAssets/Scripts/TankMVC/TankModel_VS.cs
  artifactKey: Guid(e388fa804908366479d1ffcc79bddc02) Importer(815301076,1909f56bfc062723c751e8b465ee728b)
Start importing Assets/#SiddharthVardeAssets/Scripts/TankMVC/TankModel_VS.cs using Guid(e388fa804908366479d1ffcc79bddc02) Importer(815301076,1909f56bfc062723c751e8b465ee728b)  -> (artifact id: '0bcf5b6c4fe60d235ba69d71652fe65f') in 0.002714 seconds 
========================================================================
Received Prepare
Registering precompiled user dll's ...
Registered in 0.003129 seconds.
Begin MonoManager ReloadAssembly
Symbol file LoadedFromMemory doesn't match image D:\Outscal\UnityAdvance\battle-tank-game_Outscal\Library\PackageCache\com.unity.visualscripting@1.7.8\Editor\VisualScripting.Core\Dependencies\YamlDotNet\Unity.VisualScripting.YamlDotNet.dll
Symbol file LoadedFromMemory doesn't match image D:\Outscal\UnityAdvance\battle-tank-game_Outscal\Library\PackageCache\com.unity.visualscripting@1.7.8\Editor\VisualScripting.Core\Dependencies\DotNetZip\Unity.VisualScripting.IonicZip.dll
Native extension for WindowsStandalone target not found
Native extension for iOS target not found
Native extension for Android target not found
Refreshing native plugins compatible for Editor in 0.65 ms, found 3 plugins.
Preloading 0 native plugins for Editor in 0.00 ms.
Mono: successfully reloaded assembly
- Completed reload, in  0.958 seconds
Domain Reload Profiling:
	ReloadAssembly (959ms)
		BeginReloadAssembly (132ms)
			ExecutionOrderSort (0ms)
			DisableScriptedObjects (5ms)
			BackupInstance (0ms)
			ReleaseScriptingObjects (0ms)
			CreateAndSetChildDomain (38ms)
		EndReloadAssembly (738ms)
			LoadAssemblies (90ms)
			RebuildTransferFunctionScriptingTraits (0ms)
			SetupTypeCache (221ms)
			ReleaseScriptCaches (2ms)
			RebuildScriptCaches (40ms)
			SetupLoadedEditorAssemblies (353ms)
				LogAssemblyErrors (0ms)
				InitializePlatformSupportModulesInManaged (29ms)
				SetLoadedEditorAssemblies (0ms)
				RefreshPlugins (1ms)
				BeforeProcessingInitializeOnLoad (58ms)
				ProcessInitializeOnLoadAttributes (237ms)
				ProcessInitializeOnLoadMethodAttributes (25ms)
				AfterProcessingInitializeOnLoad (2ms)
				EditorAssembliesLoaded (0ms)
			ExecutionOrderSort2 (0ms)
			AwakeInstancesAfterBackupRestoration (6ms)
Platform modules already initialized, skipping
Refreshing native plugins compatible for Editor in 2.32 ms, found 3 plugins.
Preloading 0 native plugins for Editor in 0.00 ms.
Unloading 3627 Unused Serialized files (Serialized files now loaded: 0)
Unloading 44 unused Assets / (1.3 MB). Loaded Objects now: 4106.
Memory consumption went from 129.7 MB to 128.4 MB.
Total: 4.141900 ms (FindLiveObjects: 0.373200 ms CreateObjectMapping: 0.230200 ms MarkObjects: 3.268100 ms  DeleteObjects: 0.269700 ms)

AssetImportParameters requested are different than current active one (requested -> active):
  custom:video-decoder-ogg-theora: a1e56fd34408186e4bbccfd4996cb3dc -> 
  custom:container-muxer-webm: aa71ff27fc2769a1b78a27578f13a17b -> 
  custom:container-demuxer-webm: 4f35f7cbe854078d1ac9338744f61a02 -> 
  custom:video-encoder-webm-vp8: eb34c28f22e8b96e1ab97ce403110664 -> 
  custom:video-codec-MediaFoundation-h265: 746d11721c4dcdbdad8f713fa42b33f4 -> 
  custom:audio-encoder-webm-vorbis: bf7c407c2cedff20999df2af8eb42d56 -> 
  custom:framework-win-MediaFoundation: 216162199b28c13a410421893ffa2e32 -> 
  custom:container-demuxer-ogg: 62fdf1f143b41e24485cea50d1cbac27 -> 
  custom:video-decoder-webm-vp8: 9c59270c3fd7afecdb556c50c9e8de78 -> 
  custom:audio-decoder-ogg-vorbis: bf7c407c2cedff20999df2af8eb42d56 -> 
========================================================================
Received Import Request.
  Time since last request: 19.821556 seconds.
  path: Assets/#SiddharthVardeAssets/Scripts/TankMVC/TankController_VS.cs
  artifactKey: Guid(c6b3110efcbc0ae48b236aba88ab2935) Importer(815301076,1909f56bfc062723c751e8b465ee728b)
Start importing Assets/#SiddharthVardeAssets/Scripts/TankMVC/TankController_VS.cs using Guid(c6b3110efcbc0ae48b236aba88ab2935) Importer(815301076,1909f56bfc062723c751e8b465ee728b)  -> (artifact id: 'b9e9a5cd6d13d512c7e132df54b01f1d') in 0.020469 seconds 
========================================================================
Received Prepare
Registering precompiled user dll's ...
Registered in 0.003306 seconds.
Begin MonoManager ReloadAssembly
Symbol file LoadedFromMemory doesn't match image D:\Outscal\UnityAdvance\battle-tank-game_Outscal\Library\PackageCache\com.unity.visualscripting@1.7.8\Editor\VisualScripting.Core\Dependencies\YamlDotNet\Unity.VisualScripting.YamlDotNet.dll
Symbol file LoadedFromMemory doesn't match image D:\Outscal\UnityAdvance\battle-tank-game_Outscal\Library\PackageCache\com.unity.visualscripting@1.7.8\Editor\VisualScripting.Core\Dependencies\DotNetZip\Unity.VisualScripting.IonicZip.dll
Native extension for WindowsStandalone target not found
Native extension for iOS target not found
Native extension for Android target not found
Refreshing native plugins compatible for Editor in 1.25 ms, found 3 plugins.
Preloading 0 native plugins for Editor in 0.00 ms.
Mono: successfully reloaded assembly
- Completed reload, in  1.109 seconds
Domain Reload Profiling:
	ReloadAssembly (1110ms)
		BeginReloadAssembly (137ms)
			ExecutionOrderSort (0ms)
			DisableScriptedObjects (6ms)
			BackupInstance (0ms)
			ReleaseScriptingObjects (0ms)
			CreateAndSetChildDomain (42ms)
		EndReloadAssembly (872ms)
			LoadAssemblies (94ms)
			RebuildTransferFunctionScriptingTraits (0ms)
			SetupTypeCache (325ms)
			ReleaseScriptCaches (2ms)
			RebuildScriptCaches (53ms)
			SetupLoadedEditorAssemblies (338ms)
				LogAssemblyErrors (0ms)
				InitializePlatformSupportModulesInManaged (38ms)
				SetLoadedEditorAssemblies (1ms)
				RefreshPlugins (1ms)
				BeforeProcessingInitializeOnLoad (61ms)
				ProcessInitializeOnLoadAttributes (205ms)
				ProcessInitializeOnLoadMethodAttributes (29ms)
				AfterProcessingInitializeOnLoad (3ms)
				EditorAssembliesLoaded (0ms)
			ExecutionOrderSort2 (0ms)
			AwakeInstancesAfterBackupRestoration (5ms)
Platform modules already initialized, skipping
Refreshing native plugins compatible for Editor in 2.51 ms, found 3 plugins.
Preloading 0 native plugins for Editor in 0.00 ms.
Unloading 3628 Unused Serialized files (Serialized files now loaded: 0)
Unloading 44 unused Assets / (1.3 MB). Loaded Objects now: 4110.
Memory consumption went from 129.7 MB to 128.5 MB.
Total: 3.703200 ms (FindLiveObjects: 0.305400 ms CreateObjectMapping: 0.199800 ms MarkObjects: 2.967200 ms  DeleteObjects: 0.229800 ms)

AssetImportParameters requested are different than current active one (requested -> active):
  custom:video-decoder-ogg-theora: a1e56fd34408186e4bbccfd4996cb3dc -> 
  custom:container-muxer-webm: aa71ff27fc2769a1b78a27578f13a17b -> 
  custom:container-demuxer-webm: 4f35f7cbe854078d1ac9338744f61a02 -> 
  custom:video-encoder-webm-vp8: eb34c28f22e8b96e1ab97ce403110664 -> 
  custom:video-codec-MediaFoundation-h265: 746d11721c4dcdbdad8f713fa42b33f4 -> 
  custom:audio-encoder-webm-vorbis: bf7c407c2cedff20999df2af8eb42d56 -> 
  custom:framework-win-MediaFoundation: 216162199b28c13a410421893ffa2e32 -> 
  custom:container-demuxer-ogg: 62fdf1f143b41e24485cea50d1cbac27 -> 
  custom:video-decoder-webm-vp8: 9c59270c3fd7afecdb556c50c9e8de78 -> 
  custom:audio-decoder-ogg-vorbis: bf7c407c2cedff20999df2af8eb42d56 -> 
========================================================================
Received Import Request.
  Time since last request: 11.381321 seconds.
  path: Assets/#SiddharthVardeAssets/Scripts/TankMVC/TankController_VS.cs
  artifactKey: Guid(c6b3110efcbc0ae48b236aba88ab2935) Importer(815301076,1909f56bfc062723c751e8b465ee728b)
Start importing Assets/#SiddharthVardeAssets/Scripts/TankMVC/TankController_VS.cs using Guid(c6b3110efcbc0ae48b236aba88ab2935) Importer(815301076,1909f56bfc062723c751e8b465ee728b)  -> (artifact id: '5299b62f6e5c63dd63c550eef9b683f1') in 0.008237 seconds 
========================================================================
Received Import Request.
  Time since last request: 8.168090 seconds.
  path: Assets/#SiddharthVardeAssets/Scripts/TankMVC/TankController_VS.cs
  artifactKey: Guid(c6b3110efcbc0ae48b236aba88ab2935) Importer(815301076,1909f56bfc062723c751e8b465ee728b)
Start importing Assets/#SiddharthVardeAssets/Scripts/TankMVC/TankController_VS.cs using Guid(c6b3110efcbc0ae48b236aba88ab2935) Importer(815301076,1909f56bfc062723c751e8b465ee728b)  -> (artifact id: 'ae99f92773f3fdbb2e82478326cbaa03') in 0.001861 seconds 
========================================================================
Received Import Request.
  Time since last request: 5.955016 seconds.
  path: Assets/#SiddharthVardeAssets/Scripts/TankMVC/TankController_VS.cs
  artifactKey: Guid(c6b3110efcbc0ae48b236aba88ab2935) Importer(815301076,1909f56bfc062723c751e8b465ee728b)
Start importing Assets/#SiddharthVardeAssets/Scripts/TankMVC/TankController_VS.cs using Guid(c6b3110efcbc0ae48b236aba88ab2935) Importer(815301076,1909f56bfc062723c751e8b465ee728b)  -> (artifact id: 'fb700281547786c5ce04495a3712d09c') in 0.001822 seconds 
========================================================================
Received Prepare
Registering precompiled user dll's ...
Registered in 0.002999 seconds.
Begin MonoManager ReloadAssembly
Symbol file LoadedFromMemory doesn't match image D:\Outscal\UnityAdvance\battle-tank-game_Outscal\Library\PackageCache\com.unity.visualscripting@1.7.8\Editor\VisualScripting.Core\Dependencies\YamlDotNet\Unity.VisualScripting.YamlDotNet.dll
Symbol file LoadedFromMemory doesn't match image D:\Outscal\UnityAdvance\battle-tank-game_Outscal\Library\PackageCache\com.unity.visualscripting@1.7.8\Editor\VisualScripting.Core\Dependencies\DotNetZip\Unity.VisualScripting.IonicZip.dll
Native extension for WindowsStandalone target not found
Native extension for iOS target not found
Native extension for Android target not found
Refreshing native plugins compatible for Editor in 0.87 ms, found 3 plugins.
Preloading 0 native plugins for Editor in 0.00 ms.
Mono: successfully reloaded assembly
- Completed reload, in  1.033 seconds
Domain Reload Profiling:
	ReloadAssembly (1034ms)
		BeginReloadAssembly (134ms)
			ExecutionOrderSort (0ms)
			DisableScriptedObjects (5ms)
			BackupInstance (0ms)
			ReleaseScriptingObjects (0ms)
			CreateAndSetChildDomain (35ms)
		EndReloadAssembly (768ms)
			LoadAssemblies (105ms)
			RebuildTransferFunctionScriptingTraits (0ms)
			SetupTypeCache (267ms)
			ReleaseScriptCaches (1ms)
			RebuildScriptCaches (46ms)
			SetupLoadedEditorAssemblies (312ms)
				LogAssemblyErrors (0ms)
				InitializePlatformSupportModulesInManaged (31ms)
				SetLoadedEditorAssemblies (1ms)
				RefreshPlugins (1ms)
				BeforeProcessingInitializeOnLoad (70ms)
				ProcessInitializeOnLoadAttributes (185ms)
				ProcessInitializeOnLoadMethodAttributes (22ms)
				AfterProcessingInitializeOnLoad (2ms)
				EditorAssembliesLoaded (0ms)
			ExecutionOrderSort2 (0ms)
			AwakeInstancesAfterBackupRestoration (5ms)
Platform modules already initialized, skipping
Refreshing native plugins compatible for Editor in 2.20 ms, found 3 plugins.
Preloading 0 native plugins for Editor in 0.00 ms.
Unloading 3628 Unused Serialized files (Serialized files now loaded: 0)
Unloading 44 unused Assets / (1.3 MB). Loaded Objects now: 4113.
Memory consumption went from 129.8 MB to 128.5 MB.
Total: 3.325000 ms (FindLiveObjects: 0.275900 ms CreateObjectMapping: 0.180400 ms MarkObjects: 2.452600 ms  DeleteObjects: 0.415400 ms)

AssetImportParameters requested are different than current active one (requested -> active):
  custom:video-decoder-ogg-theora: a1e56fd34408186e4bbccfd4996cb3dc -> 
  custom:container-muxer-webm: aa71ff27fc2769a1b78a27578f13a17b -> 
  custom:container-demuxer-webm: 4f35f7cbe854078d1ac9338744f61a02 -> 
  custom:video-encoder-webm-vp8: eb34c28f22e8b96e1ab97ce403110664 -> 
  custom:video-codec-MediaFoundation-h265: 746d11721c4dcdbdad8f713fa42b33f4 -> 
  custom:audio-encoder-webm-vorbis: bf7c407c2cedff20999df2af8eb42d56 -> 
  custom:framework-win-MediaFoundation: 216162199b28c13a410421893ffa2e32 -> 
  custom:container-demuxer-ogg: 62fdf1f143b41e24485cea50d1cbac27 -> 
  custom:video-decoder-webm-vp8: 9c59270c3fd7afecdb556c50c9e8de78 -> 
  custom:audio-decoder-ogg-vorbis: bf7c407c2cedff20999df2af8eb42d56 -> 
========================================================================
Received Import Request.
  Time since last request: 27.655979 seconds.
  path: Assets/#SiddharthVardeAssets/Scripts/TankMVC/TankSpawnerService_VS.cs
  artifactKey: Guid(34fa83b6d062b704fb41b25bf7c29f78) Importer(815301076,1909f56bfc062723c751e8b465ee728b)
Start importing Assets/#SiddharthVardeAssets/Scripts/TankMVC/TankSpawnerService_VS.cs using Guid(34fa83b6d062b704fb41b25bf7c29f78) Importer(815301076,1909f56bfc062723c751e8b465ee728b)  -> (artifact id: 'bf15aaa1b3ec2a7a9a6fa5306e5d7743') in 0.020178 seconds 
========================================================================
Received Prepare
Registering precompiled user dll's ...
Registered in 0.003749 seconds.
Begin MonoManager ReloadAssembly
Symbol file LoadedFromMemory doesn't match image D:\Outscal\UnityAdvance\battle-tank-game_Outscal\Library\PackageCache\com.unity.visualscripting@1.7.8\Editor\VisualScripting.Core\Dependencies\YamlDotNet\Unity.VisualScripting.YamlDotNet.dll
Symbol file LoadedFromMemory doesn't match image D:\Outscal\UnityAdvance\battle-tank-game_Outscal\Library\PackageCache\com.unity.visualscripting@1.7.8\Editor\VisualScripting.Core\Dependencies\DotNetZip\Unity.VisualScripting.IonicZip.dll
Native extension for WindowsStandalone target not found
Native extension for iOS target not found
Native extension for Android target not found
Refreshing native plugins compatible for Editor in 0.89 ms, found 3 plugins.
Preloading 0 native plugins for Editor in 0.00 ms.
Mono: successfully reloaded assembly
- Completed reload, in  1.015 seconds
Domain Reload Profiling:
	ReloadAssembly (1016ms)
		BeginReloadAssembly (123ms)
			ExecutionOrderSort (0ms)
			DisableScriptedObjects (5ms)
			BackupInstance (0ms)
			ReleaseScriptingObjects (0ms)
			CreateAndSetChildDomain (33ms)
		EndReloadAssembly (780ms)
			LoadAssemblies (86ms)
			RebuildTransferFunctionScriptingTraits (0ms)
			SetupTypeCache (299ms)
			ReleaseScriptCaches (1ms)
			RebuildScriptCaches (49ms)
			SetupLoadedEditorAssemblies (309ms)
				LogAssemblyErrors (0ms)
				InitializePlatformSupportModulesInManaged (37ms)
				SetLoadedEditorAssemblies (1ms)
				RefreshPlugins (1ms)
				BeforeProcessingInitializeOnLoad (60ms)
				ProcessInitializeOnLoadAttributes (183ms)
				ProcessInitializeOnLoadMethodAttributes (24ms)
				AfterProcessingInitializeOnLoad (2ms)
				EditorAssembliesLoaded (0ms)
			ExecutionOrderSort2 (0ms)
			AwakeInstancesAfterBackupRestoration (5ms)
Platform modules already initialized, skipping
Refreshing native plugins compatible for Editor in 3.41 ms, found 3 plugins.
Preloading 0 native plugins for Editor in 0.00 ms.
Unloading 3629 Unused Serialized files (Serialized files now loaded: 0)
Unloading 44 unused Assets / (1.3 MB). Loaded Objects now: 4117.
Memory consumption went from 129.8 MB to 128.5 MB.
Total: 2.808300 ms (FindLiveObjects: 0.280500 ms CreateObjectMapping: 0.210700 ms MarkObjects: 2.114200 ms  DeleteObjects: 0.201700 ms)

AssetImportParameters requested are different than current active one (requested -> active):
  custom:video-decoder-ogg-theora: a1e56fd34408186e4bbccfd4996cb3dc -> 
  custom:container-muxer-webm: aa71ff27fc2769a1b78a27578f13a17b -> 
  custom:container-demuxer-webm: 4f35f7cbe854078d1ac9338744f61a02 -> 
  custom:video-encoder-webm-vp8: eb34c28f22e8b96e1ab97ce403110664 -> 
  custom:video-codec-MediaFoundation-h265: 746d11721c4dcdbdad8f713fa42b33f4 -> 
  custom:audio-encoder-webm-vorbis: bf7c407c2cedff20999df2af8eb42d56 -> 
  custom:framework-win-MediaFoundation: 216162199b28c13a410421893ffa2e32 -> 
  custom:container-demuxer-ogg: 62fdf1f143b41e24485cea50d1cbac27 -> 
  custom:video-decoder-webm-vp8: 9c59270c3fd7afecdb556c50c9e8de78 -> 
  custom:audio-decoder-ogg-vorbis: bf7c407c2cedff20999df2af8eb42d56 -> 
========================================================================
Received Import Request.
  Time since last request: 105.739168 seconds.
  path: Assets/#SiddharthVardeAssets/Scripts/TankMVC/TankController_VS.cs
  artifactKey: Guid(c6b3110efcbc0ae48b236aba88ab2935) Importer(815301076,1909f56bfc062723c751e8b465ee728b)
Start importing Assets/#SiddharthVardeAssets/Scripts/TankMVC/TankController_VS.cs using Guid(c6b3110efcbc0ae48b236aba88ab2935) Importer(815301076,1909f56bfc062723c751e8b465ee728b)  -> (artifact id: 'fb7965af6301facd6cef8e98d2497f5e') in 0.012215 seconds 
========================================================================
Received Import Request.
  Time since last request: 187.759999 seconds.
  path: Assets/#SiddharthVardeAssets/Scripts/TankMVC/TankController_VS.cs
  artifactKey: Guid(c6b3110efcbc0ae48b236aba88ab2935) Importer(815301076,1909f56bfc062723c751e8b465ee728b)
Start importing Assets/#SiddharthVardeAssets/Scripts/TankMVC/TankController_VS.cs using Guid(c6b3110efcbc0ae48b236aba88ab2935) Importer(815301076,1909f56bfc062723c751e8b465ee728b)  -> (artifact id: '00000000000000000000000000000000') in 0.000574 seconds  code(4) message(Build asset version error: assets/#siddharthvardeassets/scripts/tankmvc/tankcontroller_vs.cs in SourceAssetDB has modification time of '2023-09-05T13:33:22.8955537Z' while content on disk has modification time of '2023-09-05T13:33:23.529616Z')
  ERROR: Build asset version error: assets/#siddharthvardeassets/scripts/tankmvc/tankcontroller_vs.cs in SourceAssetDB has modification time of '2023-09-05T13:33:22.8955537Z' while content on disk has modification time of '2023-09-05T13:33:23.529616Z'
========================================================================
Received Import Request.
  Time since last request: 39.696623 seconds.
  path: Assets/#SiddharthVardeAssets/Scripts/TankMVC/TankController_VS.cs
  artifactKey: Guid(c6b3110efcbc0ae48b236aba88ab2935) Importer(815301076,1909f56bfc062723c751e8b465ee728b)
Start importing Assets/#SiddharthVardeAssets/Scripts/TankMVC/TankController_VS.cs using Guid(c6b3110efcbc0ae48b236aba88ab2935) Importer(815301076,1909f56bfc062723c751e8b465ee728b)  -> (artifact id: '837bd9712f57117422bca0116784fc8e') in 0.003845 seconds 
========================================================================
Received Import Request.
  Time since last request: 13.364344 seconds.
  path: Assets/#SiddharthVardeAssets/Scripts/TankMVC/TankController_VS.cs
  artifactKey: Guid(c6b3110efcbc0ae48b236aba88ab2935) Importer(815301076,1909f56bfc062723c751e8b465ee728b)
Start importing Assets/#SiddharthVardeAssets/Scripts/TankMVC/TankController_VS.cs using Guid(c6b3110efcbc0ae48b236aba88ab2935) Importer(815301076,1909f56bfc062723c751e8b465ee728b)  -> (artifact id: '20b599eaa0c083ce9dd6204313f143ef') in 0.001920 seconds 
========================================================================
Received Import Request.
  Time since last request: 2.210555 seconds.
  path: Assets/#SiddharthVardeAssets/Scripts/TankMVC/TankController_VS.cs
  artifactKey: Guid(c6b3110efcbc0ae48b236aba88ab2935) Importer(815301076,1909f56bfc062723c751e8b465ee728b)
Start importing Assets/#SiddharthVardeAssets/Scripts/TankMVC/TankController_VS.cs using Guid(c6b3110efcbc0ae48b236aba88ab2935) Importer(815301076,1909f56bfc062723c751e8b465ee728b)  -> (artifact id: 'afe66ba727e8ec6fcb9b28c00ce517bb') in 0.001825 seconds 
========================================================================
Received Import Request.
  Time since last request: 80.473772 seconds.
  path: Assets/#SiddharthVardeAssets/Scripts/TankMVC/TankController_VS.cs
  artifactKey: Guid(c6b3110efcbc0ae48b236aba88ab2935) Importer(815301076,1909f56bfc062723c751e8b465ee728b)
Start importing Assets/#SiddharthVardeAssets/Scripts/TankMVC/TankController_VS.cs using Guid(c6b3110efcbc0ae48b236aba88ab2935) Importer(815301076,1909f56bfc062723c751e8b465ee728b)  -> (artifact id: '6ccf11590571c2d8a64357f2eab8b3b2') in 0.002523 seconds 
========================================================================
Received Import Request.
  Time since last request: 37.482075 seconds.
  path: Assets/#SiddharthVardeAssets/Scripts/TankMVC/TankController_VS.cs
  artifactKey: Guid(c6b3110efcbc0ae48b236aba88ab2935) Importer(815301076,1909f56bfc062723c751e8b465ee728b)
Start importing Assets/#SiddharthVardeAssets/Scripts/TankMVC/TankController_VS.cs using Guid(c6b3110efcbc0ae48b236aba88ab2935) Importer(815301076,1909f56bfc062723c751e8b465ee728b)  -> (artifact id: 'ae797b58f91de2d0c60c71509c5e9de0') in 0.001793 seconds 
========================================================================
Received Import Request.
  Time since last request: 15.443181 seconds.
  path: Assets/#SiddharthVardeAssets/Scripts/TankMVC/TankController_VS.cs
  artifactKey: Guid(c6b3110efcbc0ae48b236aba88ab2935) Importer(815301076,1909f56bfc062723c751e8b465ee728b)
Start importing Assets/#SiddharthVardeAssets/Scripts/TankMVC/TankController_VS.cs using Guid(c6b3110efcbc0ae48b236aba88ab2935) Importer(815301076,1909f56bfc062723c751e8b465ee728b)  -> (artifact id: 'd7fb30a6297c7ece3cd90d1e947b5a21') in 0.001757 seconds 
========================================================================
Received Import Request.
  Time since last request: 20.332435 seconds.
  path: Assets/#SiddharthVardeAssets/Scripts/TankMVC/TankController_VS.cs
  artifactKey: Guid(c6b3110efcbc0ae48b236aba88ab2935) Importer(815301076,1909f56bfc062723c751e8b465ee728b)
Start importing Assets/#SiddharthVardeAssets/Scripts/TankMVC/TankController_VS.cs using Guid(c6b3110efcbc0ae48b236aba88ab2935) Importer(815301076,1909f56bfc062723c751e8b465ee728b)  -> (artifact id: 'd4815128218e6bc30061d64beb1c6005') in 0.001926 seconds 
========================================================================
Received Import Request.
  Time since last request: 44.889174 seconds.
  path: Assets/#SiddharthVardeAssets/Scripts/TankMVC/TankController_VS.cs
  artifactKey: Guid(c6b3110efcbc0ae48b236aba88ab2935) Importer(815301076,1909f56bfc062723c751e8b465ee728b)
Start importing Assets/#SiddharthVardeAssets/Scripts/TankMVC/TankController_VS.cs using Guid(c6b3110efcbc0ae48b236aba88ab2935) Importer(815301076,1909f56bfc062723c751e8b465ee728b)  -> (artifact id: '275c25942036622026b583b91deeee9d') in 0.001851 seconds 
========================================================================
Received Import Request.
  Time since last request: 5.887803 seconds.
  path: Assets/#SiddharthVardeAssets/Scripts/TankMVC/TankController_VS.cs
  artifactKey: Guid(c6b3110efcbc0ae48b236aba88ab2935) Importer(815301076,1909f56bfc062723c751e8b465ee728b)
Start importing Assets/#SiddharthVardeAssets/Scripts/TankMVC/TankController_VS.cs using Guid(c6b3110efcbc0ae48b236aba88ab2935) Importer(815301076,1909f56bfc062723c751e8b465ee728b)  -> (artifact id: 'a5ad10db5935873b3d0f549bb16802e0') in 0.001891 seconds 
========================================================================
Received Import Request.
  Time since last request: 69.594444 seconds.
  path: Assets/#SiddharthVardeAssets/Scripts/TankMVC/TankController_VS.cs
  artifactKey: Guid(c6b3110efcbc0ae48b236aba88ab2935) Importer(815301076,1909f56bfc062723c751e8b465ee728b)
Start importing Assets/#SiddharthVardeAssets/Scripts/TankMVC/TankController_VS.cs using Guid(c6b3110efcbc0ae48b236aba88ab2935) Importer(815301076,1909f56bfc062723c751e8b465ee728b)  -> (artifact id: '576cd0c69f9913786bc6c856cfff2cec') in 0.001892 seconds 
========================================================================
Received Import Request.
  Time since last request: 223.402547 seconds.
  path: Assets/#SiddharthVardeAssets/Scripts/TankMVC/TankController_VS.cs
  artifactKey: Guid(c6b3110efcbc0ae48b236aba88ab2935) Importer(815301076,1909f56bfc062723c751e8b465ee728b)
Start importing Assets/#SiddharthVardeAssets/Scripts/TankMVC/TankController_VS.cs using Guid(c6b3110efcbc0ae48b236aba88ab2935) Importer(815301076,1909f56bfc062723c751e8b465ee728b)  -> (artifact id: '01f1e749381e9e46b764b40b63b69f4c') in 0.001825 seconds 
========================================================================
Received Prepare
Registering precompiled user dll's ...
Registered in 0.002903 seconds.
Begin MonoManager ReloadAssembly
Symbol file LoadedFromMemory doesn't match image D:\Outscal\UnityAdvance\battle-tank-game_Outscal\Library\PackageCache\com.unity.visualscripting@1.7.8\Editor\VisualScripting.Core\Dependencies\YamlDotNet\Unity.VisualScripting.YamlDotNet.dll
Symbol file LoadedFromMemory doesn't match image D:\Outscal\UnityAdvance\battle-tank-game_Outscal\Library\PackageCache\com.unity.visualscripting@1.7.8\Editor\VisualScripting.Core\Dependencies\DotNetZip\Unity.VisualScripting.IonicZip.dll
Native extension for WindowsStandalone target not found
Native extension for iOS target not found
Native extension for Android target not found
Refreshing native plugins compatible for Editor in 0.74 ms, found 3 plugins.
Preloading 0 native plugins for Editor in 0.00 ms.
Mono: successfully reloaded assembly
- Completed reload, in  0.913 seconds
Domain Reload Profiling:
	ReloadAssembly (913ms)
		BeginReloadAssembly (128ms)
			ExecutionOrderSort (0ms)
			DisableScriptedObjects (5ms)
			BackupInstance (0ms)
			ReleaseScriptingObjects (0ms)
			CreateAndSetChildDomain (37ms)
		EndReloadAssembly (692ms)
			LoadAssemblies (83ms)
			RebuildTransferFunctionScriptingTraits (0ms)
			SetupTypeCache (223ms)
			ReleaseScriptCaches (2ms)
			RebuildScriptCaches (44ms)
			SetupLoadedEditorAssemblies (306ms)
				LogAssemblyErrors (0ms)
				InitializePlatformSupportModulesInManaged (31ms)
				SetLoadedEditorAssemblies (0ms)
				RefreshPlugins (1ms)
				BeforeProcessingInitializeOnLoad (58ms)
				ProcessInitializeOnLoadAttributes (188ms)
				ProcessInitializeOnLoadMethodAttributes (25ms)
				AfterProcessingInitializeOnLoad (2ms)
				EditorAssembliesLoaded (0ms)
			ExecutionOrderSort2 (0ms)
			AwakeInstancesAfterBackupRestoration (5ms)
Platform modules already initialized, skipping
Refreshing native plugins compatible for Editor in 2.69 ms, found 3 plugins.
Preloading 0 native plugins for Editor in 0.00 ms.
Unloading 3629 Unused Serialized files (Serialized files now loaded: 0)
Unloading 44 unused Assets / (1.3 MB). Loaded Objects now: 4120.
Memory consumption went from 129.8 MB to 128.5 MB.
Total: 3.902400 ms (FindLiveObjects: 0.383400 ms CreateObjectMapping: 0.220900 ms MarkObjects: 2.969100 ms  DeleteObjects: 0.328400 ms)

AssetImportParameters requested are different than current active one (requested -> active):
  custom:video-decoder-ogg-theora: a1e56fd34408186e4bbccfd4996cb3dc -> 
  custom:container-muxer-webm: aa71ff27fc2769a1b78a27578f13a17b -> 
  custom:container-demuxer-webm: 4f35f7cbe854078d1ac9338744f61a02 -> 
  custom:video-encoder-webm-vp8: eb34c28f22e8b96e1ab97ce403110664 -> 
  custom:video-codec-MediaFoundation-h265: 746d11721c4dcdbdad8f713fa42b33f4 -> 
  custom:audio-encoder-webm-vorbis: bf7c407c2cedff20999df2af8eb42d56 -> 
  custom:framework-win-MediaFoundation: 216162199b28c13a410421893ffa2e32 -> 
  custom:container-demuxer-ogg: 62fdf1f143b41e24485cea50d1cbac27 -> 
  custom:video-decoder-webm-vp8: 9c59270c3fd7afecdb556c50c9e8de78 -> 
  custom:audio-decoder-ogg-vorbis: bf7c407c2cedff20999df2af8eb42d56 -> 
========================================================================
Received Import Request.
  Time since last request: 192.754117 seconds.
  path: Assets/#SiddharthVardeAssets/Prefabs
  artifactKey: Guid(c756fa108fc8d024ab3999e1c8bde539) Importer(815301076,1909f56bfc062723c751e8b465ee728b)
Start importing Assets/#SiddharthVardeAssets/Prefabs using Guid(c756fa108fc8d024ab3999e1c8bde539) Importer(815301076,1909f56bfc062723c751e8b465ee728b)  -> (artifact id: 'd8ec9d467c5639d37b0fea77e5ad520f') in 0.018338 seconds 
========================================================================
Received Import Request.
  Time since last request: 9.240509 seconds.
  path: Assets/#SiddharthVardeAssets/Prefabs/Tank1.prefab
  artifactKey: Guid(570b340181a688741984c5867964f2e4) Importer(815301076,1909f56bfc062723c751e8b465ee728b)
Start importing Assets/#SiddharthVardeAssets/Prefabs/Tank1.prefab using Guid(570b340181a688741984c5867964f2e4) Importer(815301076,1909f56bfc062723c751e8b465ee728b)  -> (artifact id: 'ded25e00cabc8b9b7e9afe5e7fbe7a5d') in 0.649166 seconds 
========================================================================
Received Prepare
Registering precompiled user dll's ...
Registered in 0.003056 seconds.
Begin MonoManager ReloadAssembly
Symbol file LoadedFromMemory doesn't match image D:\Outscal\UnityAdvance\battle-tank-game_Outscal\Library\PackageCache\com.unity.visualscripting@1.7.8\Editor\VisualScripting.Core\Dependencies\YamlDotNet\Unity.VisualScripting.YamlDotNet.dll
Symbol file LoadedFromMemory doesn't match image D:\Outscal\UnityAdvance\battle-tank-game_Outscal\Library\PackageCache\com.unity.visualscripting@1.7.8\Editor\VisualScripting.Core\Dependencies\DotNetZip\Unity.VisualScripting.IonicZip.dll
Native extension for WindowsStandalone target not found
Native extension for iOS target not found
Native extension for Android target not found
Refreshing native plugins compatible for Editor in 0.94 ms, found 3 plugins.
Preloading 0 native plugins for Editor in 0.00 ms.
Mono: successfully reloaded assembly
- Completed reload, in  1.137 seconds
Domain Reload Profiling:
	ReloadAssembly (1138ms)
		BeginReloadAssembly (148ms)
			ExecutionOrderSort (0ms)
			DisableScriptedObjects (5ms)
			BackupInstance (0ms)
			ReleaseScriptingObjects (0ms)
			CreateAndSetChildDomain (45ms)
		EndReloadAssembly (891ms)
			LoadAssemblies (103ms)
			RebuildTransferFunctionScriptingTraits (0ms)
			SetupTypeCache (283ms)
			ReleaseScriptCaches (1ms)
			RebuildScriptCaches (40ms)
			SetupLoadedEditorAssemblies (429ms)
				LogAssemblyErrors (0ms)
				InitializePlatformSupportModulesInManaged (42ms)
				SetLoadedEditorAssemblies (0ms)
				RefreshPlugins (1ms)
				BeforeProcessingInitializeOnLoad (73ms)
				ProcessInitializeOnLoadAttributes (279ms)
				ProcessInitializeOnLoadMethodAttributes (31ms)
				AfterProcessingInitializeOnLoad (3ms)
				EditorAssembliesLoaded (0ms)
			ExecutionOrderSort2 (0ms)
			AwakeInstancesAfterBackupRestoration (6ms)
Platform modules already initialized, skipping
Refreshing native plugins compatible for Editor in 3.32 ms, found 3 plugins.
Preloading 0 native plugins for Editor in 0.00 ms.
Unloading 3629 Unused Serialized files (Serialized files now loaded: 0)
Unloading 44 unused Assets / (1.3 MB). Loaded Objects now: 4131.
Memory consumption went from 134.2 MB to 132.9 MB.
Total: 3.788600 ms (FindLiveObjects: 0.505900 ms CreateObjectMapping: 0.605000 ms MarkObjects: 2.445300 ms  DeleteObjects: 0.231200 ms)

AssetImportParameters requested are different than current active one (requested -> active):
  custom:video-decoder-ogg-theora: a1e56fd34408186e4bbccfd4996cb3dc -> 
  custom:container-muxer-webm: aa71ff27fc2769a1b78a27578f13a17b -> 
  custom:container-demuxer-webm: 4f35f7cbe854078d1ac9338744f61a02 -> 
  custom:video-encoder-webm-vp8: eb34c28f22e8b96e1ab97ce403110664 -> 
  custom:video-codec-MediaFoundation-h265: 746d11721c4dcdbdad8f713fa42b33f4 -> 
  custom:audio-encoder-webm-vorbis: bf7c407c2cedff20999df2af8eb42d56 -> 
  custom:framework-win-MediaFoundation: 216162199b28c13a410421893ffa2e32 -> 
  custom:container-demuxer-ogg: 62fdf1f143b41e24485cea50d1cbac27 -> 
  custom:video-decoder-webm-vp8: 9c59270c3fd7afecdb556c50c9e8de78 -> 
  custom:audio-decoder-ogg-vorbis: bf7c407c2cedff20999df2af8eb42d56 -> 
