Using pre-set license
Built from '2021.3/staging' branch; Version is '2021.3.15f1 (e8e88683f834) revision 15263878'; Using compiler version '192829333'; Build Type 'Release'
OS: 'Windows 10  (10.0.19045) 64bit CoreSingleLanguage' Language: 'en' Physical Memory: 8099 MB
BatchMode: 1, IsHumanControllingUs: 0, StartBugReporterOnCrash: 0, Is64bit: 1, IsPro: 1

COMMAND LINE ARGUMENTS:
D:\UnityInstall\UnityEditor\2021.3.15f1\Editor\Unity.exe
-adb2
-batchMode
-noUpm
-name
AssetImportWorker0
-projectPath
D:/Outscal/UnityAdvance/battle-tank-game_Outscal
-logFile
Logs/AssetImportWorker0.log
-srvPort
50091
Successfully changed project path to: D:/Outscal/UnityAdvance/battle-tank-game_Outscal
D:/Outscal/UnityAdvance/battle-tank-game_Outscal
[UnityMemory] Configuration Parameters - Can be set up in boot.config
    "memorysetup-bucket-allocator-granularity=16"
    "memorysetup-bucket-allocator-bucket-count=8"
    "memorysetup-bucket-allocator-block-size=33554432"
    "memorysetup-bucket-allocator-block-count=8"
    "memorysetup-main-allocator-block-size=16777216"
    "memorysetup-thread-allocator-block-size=16777216"
    "memorysetup-gfx-main-allocator-block-size=16777216"
    "memorysetup-gfx-thread-allocator-block-size=16777216"
    "memorysetup-cache-allocator-block-size=4194304"
    "memorysetup-typetree-allocator-block-size=2097152"
    "memorysetup-profiler-bucket-allocator-granularity=16"
    "memorysetup-profiler-bucket-allocator-bucket-count=8"
    "memorysetup-profiler-bucket-allocator-block-size=33554432"
    "memorysetup-profiler-bucket-allocator-block-count=8"
    "memorysetup-profiler-allocator-block-size=16777216"
    "memorysetup-profiler-editor-allocator-block-size=1048576"
    "memorysetup-temp-allocator-size-main=16777216"
    "memorysetup-job-temp-allocator-block-size=2097152"
    "memorysetup-job-temp-allocator-block-size-background=1048576"
    "memorysetup-job-temp-allocator-reduction-small-platforms=262144"
    "memorysetup-temp-allocator-size-background-worker=32768"
    "memorysetup-temp-allocator-size-job-worker=262144"
    "memorysetup-temp-allocator-size-preload-manager=33554432"
    "memorysetup-temp-allocator-size-nav-mesh-worker=65536"
    "memorysetup-temp-allocator-size-audio-worker=65536"
    "memorysetup-temp-allocator-size-cloud-worker=32768"
    "memorysetup-temp-allocator-size-gi-baking-worker=262144"
    "memorysetup-temp-allocator-size-gfx=262144"
Player connection [2068] Host "[IP] 192.168.1.107 [Port] 0 [Flags] 2 [Guid] 1210864270 [EditorId] 1210864270 [Version] 1048832 [Id] WindowsEditor(7,LAPTOP-OJSTTD87) [Debug] 1 [PackageName] WindowsEditor [ProjectName] Editor" joined multi-casting on [225.0.0.222:54997]...

Player connection [2068] Host "[IP] 192.168.1.107 [Port] 0 [Flags] 2 [Guid] 1210864270 [EditorId] 1210864270 [Version] 1048832 [Id] WindowsEditor(7,LAPTOP-OJSTTD87) [Debug] 1 [PackageName] WindowsEditor [ProjectName] Editor" joined alternative multi-casting on [225.0.0.222:34997]...

Refreshing native plugins compatible for Editor in 129.91 ms, found 3 plugins.
Preloading 0 native plugins for Editor in 0.00 ms.
Initialize engine version: 2021.3.15f1 (e8e88683f834)
[Subsystems] Discovering subsystems at path D:/UnityInstall/UnityEditor/2021.3.15f1/Editor/Data/Resources/UnitySubsystems
[Subsystems] Discovering subsystems at path D:/Outscal/UnityAdvance/battle-tank-game_Outscal/Assets
GfxDevice: creating device client; threaded=0; jobified=0
Direct3D:
    Version:  Direct3D 11.0 [level 11.1]
    Renderer: NVIDIA GeForce GTX 1650 (ID=0x1f99)
    Vendor:   NVIDIA
    VRAM:     3962 MB
    Driver:   31.0.15.1700
Initialize mono
Mono path[0] = 'D:/UnityInstall/UnityEditor/2021.3.15f1/Editor/Data/Managed'
Mono path[1] = 'D:/UnityInstall/UnityEditor/2021.3.15f1/Editor/Data/MonoBleedingEdge/lib/mono/unityjit-win32'
Mono config path = 'D:/UnityInstall/UnityEditor/2021.3.15f1/Editor/Data/MonoBleedingEdge/etc'
Using monoOptions --debugger-agent=transport=dt_socket,embedding=1,server=y,suspend=n,address=127.0.0.1:56036
Begin MonoManager ReloadAssembly
Registering precompiled unity dll's ...
Register platform support module: D:/UnityInstall/UnityEditor/2021.3.15f1/Editor/Data/PlaybackEngines/AndroidPlayer/UnityEditor.Android.Extensions.dll
Register platform support module: D:/UnityInstall/UnityEditor/2021.3.15f1/Editor/Data/PlaybackEngines/iOSSupport/UnityEditor.iOS.Extensions.dll
Register platform support module: D:/UnityInstall/UnityEditor/2021.3.15f1/Editor/Data/PlaybackEngines/WindowsStandaloneSupport/UnityEditor.WindowsStandalone.Extensions.dll
Registered in 0.003851 seconds.
Native extension for WindowsStandalone target not found
[usbmuxd] Start listen thread
[usbmuxd] Listen thread started
Native extension for iOS target not found
Native extension for Android target not found
Refreshing native plugins compatible for Editor in 117.43 ms, found 3 plugins.
Preloading 0 native plugins for Editor in 0.00 ms.
Mono: successfully reloaded assembly
- Completed reload, in  0.840 seconds
Domain Reload Profiling:
	ReloadAssembly (841ms)
		BeginReloadAssembly (95ms)
			ExecutionOrderSort (0ms)
			DisableScriptedObjects (0ms)
			BackupInstance (0ms)
			ReleaseScriptingObjects (0ms)
			CreateAndSetChildDomain (1ms)
		EndReloadAssembly (630ms)
			LoadAssemblies (95ms)
			RebuildTransferFunctionScriptingTraits (0ms)
			SetupTypeCache (144ms)
			ReleaseScriptCaches (0ms)
			RebuildScriptCaches (35ms)
			SetupLoadedEditorAssemblies (393ms)
				LogAssemblyErrors (0ms)
				InitializePlatformSupportModulesInManaged (82ms)
				SetLoadedEditorAssemblies (2ms)
				RefreshPlugins (118ms)
				BeforeProcessingInitializeOnLoad (1ms)
				ProcessInitializeOnLoadAttributes (136ms)
				ProcessInitializeOnLoadMethodAttributes (54ms)
				AfterProcessingInitializeOnLoad (0ms)
				EditorAssembliesLoaded (0ms)
			ExecutionOrderSort2 (0ms)
			AwakeInstancesAfterBackupRestoration (0ms)
Platform modules already initialized, skipping
Registering precompiled user dll's ...
Registered in 0.004232 seconds.
Unauthorized device detected, Id: RZ8R81AKHRD, please add debug authorization and reconnect.
Unauthorized device detected, Id: RZ8R81AKHRD, please add debug authorization and reconnect.
Unauthorized device detected, Id: RZ8R81AKHRD, please add debug authorization and reconnect.
Unauthorized device detected, Id: RZ8R81AKHRD, please add debug authorization and reconnect.
Unauthorized device detected, Id: RZ8R81AKHRD, please add debug authorization and reconnect.
Unauthorized device detected, Id: RZ8R81AKHRD, please add debug authorization and reconnect.
Unauthorized device detected, Id: RZ8R81AKHRD, please add debug authorization and reconnect.
Android Extension - Scanning For ADB Devices 4622 ms
Begin MonoManager ReloadAssembly
Symbol file LoadedFromMemory doesn't match image D:\Outscal\UnityAdvance\battle-tank-game_Outscal\Library\PackageCache\com.unity.visualscripting@1.7.8\Editor\VisualScripting.Core\Dependencies\YamlDotNet\Unity.VisualScripting.YamlDotNet.dll
Symbol file LoadedFromMemory doesn't match image D:\Outscal\UnityAdvance\battle-tank-game_Outscal\Library\PackageCache\com.unity.visualscripting@1.7.8\Editor\VisualScripting.Core\Dependencies\DotNetZip\Unity.VisualScripting.IonicZip.dll
Native extension for WindowsStandalone target not found
Native extension for iOS target not found
Native extension for Android target not found
Refreshing native plugins compatible for Editor in 0.88 ms, found 3 plugins.
Preloading 0 native plugins for Editor in 0.00 ms.
Mono: successfully reloaded assembly
Package Manager log level set to [2]
- Completed reload, in  2.002 seconds
Domain Reload Profiling:
	ReloadAssembly (2003ms)
		BeginReloadAssembly (136ms)
			ExecutionOrderSort (0ms)
			DisableScriptedObjects (7ms)
			BackupInstance (0ms)
			ReleaseScriptingObjects (0ms)
			CreateAndSetChildDomain (24ms)
		EndReloadAssembly (1629ms)
			LoadAssemblies (523ms)
			RebuildTransferFunctionScriptingTraits (0ms)
			SetupTypeCache (404ms)
			ReleaseScriptCaches (1ms)
			RebuildScriptCaches (67ms)
			SetupLoadedEditorAssemblies (591ms)
				LogAssemblyErrors (0ms)
				InitializePlatformSupportModulesInManaged (25ms)
				SetLoadedEditorAssemblies (1ms)
				RefreshPlugins (1ms)
				BeforeProcessingInitializeOnLoad (100ms)
				ProcessInitializeOnLoadAttributes (371ms)
				ProcessInitializeOnLoadMethodAttributes (90ms)
				AfterProcessingInitializeOnLoad (3ms)
				EditorAssembliesLoaded (0ms)
			ExecutionOrderSort2 (0ms)
			AwakeInstancesAfterBackupRestoration (6ms)
Platform modules already initialized, skipping
========================================================================
Worker process is ready to serve import requests
Launched and connected shader compiler UnityShaderCompiler.exe after 0.19 seconds
Refreshing native plugins compatible for Editor in 0.87 ms, found 3 plugins.
Preloading 0 native plugins for Editor in 0.00 ms.
Unloading 3670 Unused Serialized files (Serialized files now loaded: 0)
Unloading 51 unused Assets / (1.3 MB). Loaded Objects now: 4107.
Memory consumption went from 133.7 MB to 132.4 MB.
Total: 4.368000 ms (FindLiveObjects: 0.348800 ms CreateObjectMapping: 0.423000 ms MarkObjects: 3.315100 ms  DeleteObjects: 0.279900 ms)

AssetImportParameters requested are different than current active one (requested -> active):
  custom:video-decoder-ogg-theora: a1e56fd34408186e4bbccfd4996cb3dc -> 
  custom:container-muxer-webm: aa71ff27fc2769a1b78a27578f13a17b -> 
  custom:container-demuxer-webm: 4f35f7cbe854078d1ac9338744f61a02 -> 
  custom:video-encoder-webm-vp8: eb34c28f22e8b96e1ab97ce403110664 -> 
  custom:video-codec-MediaFoundation-h265: 746d11721c4dcdbdad8f713fa42b33f4 -> 
  custom:audio-encoder-webm-vorbis: bf7c407c2cedff20999df2af8eb42d56 -> 
  custom:framework-win-MediaFoundation: 216162199b28c13a410421893ffa2e32 -> 
  custom:container-demuxer-ogg: 62fdf1f143b41e24485cea50d1cbac27 -> 
  custom:video-decoder-webm-vp8: 9c59270c3fd7afecdb556c50c9e8de78 -> 
  custom:audio-decoder-ogg-vorbis: bf7c407c2cedff20999df2af8eb42d56 -> 
========================================================================
Received Import Request.
  Time since last request: 27852.633297 seconds.
  path: Assets/#Scripts_VS/BulletMVC
  artifactKey: Guid(1baf4e08d3e59414e811db2903aa05b0) Importer(815301076,1909f56bfc062723c751e8b465ee728b)
Start importing Assets/#Scripts_VS/BulletMVC using Guid(1baf4e08d3e59414e811db2903aa05b0) Importer(815301076,1909f56bfc062723c751e8b465ee728b)  -> (artifact id: '81c59c0f8fe7fe52c8fc469008eb7c81') in 0.016119 seconds 
========================================================================
Received Import Request.
  Time since last request: 3.772387 seconds.
  path: Assets/#Scripts_VS/BulletMVC/BulletView_VS.cs
  artifactKey: Guid(db7854296b3b58a40a529fa83f495e67) Importer(815301076,1909f56bfc062723c751e8b465ee728b)
Start importing Assets/#Scripts_VS/BulletMVC/BulletView_VS.cs using Guid(db7854296b3b58a40a529fa83f495e67) Importer(815301076,1909f56bfc062723c751e8b465ee728b)  -> (artifact id: '915b42fe018cd9ae472e7414cfe4531f') in 0.051009 seconds 
========================================================================
Received Prepare
Registering precompiled user dll's ...
Registered in 0.003651 seconds.
Begin MonoManager ReloadAssembly
Symbol file LoadedFromMemory doesn't match image D:\Outscal\UnityAdvance\battle-tank-game_Outscal\Library\PackageCache\com.unity.visualscripting@1.7.8\Editor\VisualScripting.Core\Dependencies\YamlDotNet\Unity.VisualScripting.YamlDotNet.dll
Symbol file LoadedFromMemory doesn't match image D:\Outscal\UnityAdvance\battle-tank-game_Outscal\Library\PackageCache\com.unity.visualscripting@1.7.8\Editor\VisualScripting.Core\Dependencies\DotNetZip\Unity.VisualScripting.IonicZip.dll
Native extension for WindowsStandalone target not found
Native extension for iOS target not found
Native extension for Android target not found
Refreshing native plugins compatible for Editor in 1.36 ms, found 3 plugins.
Preloading 0 native plugins for Editor in 0.00 ms.
Mono: successfully reloaded assembly
- Completed reload, in  1.423 seconds
Domain Reload Profiling:
	ReloadAssembly (1424ms)
		BeginReloadAssembly (175ms)
			ExecutionOrderSort (0ms)
			DisableScriptedObjects (9ms)
			BackupInstance (0ms)
			ReleaseScriptingObjects (0ms)
			CreateAndSetChildDomain (45ms)
		EndReloadAssembly (1105ms)
			LoadAssemblies (123ms)
			RebuildTransferFunctionScriptingTraits (0ms)
			SetupTypeCache (376ms)
			ReleaseScriptCaches (2ms)
			RebuildScriptCaches (54ms)
			SetupLoadedEditorAssemblies (505ms)
				LogAssemblyErrors (0ms)
				InitializePlatformSupportModulesInManaged (40ms)
				SetLoadedEditorAssemblies (1ms)
				RefreshPlugins (1ms)
				BeforeProcessingInitializeOnLoad (80ms)
				ProcessInitializeOnLoadAttributes (337ms)
				ProcessInitializeOnLoadMethodAttributes (40ms)
				AfterProcessingInitializeOnLoad (5ms)
				EditorAssembliesLoaded (0ms)
			ExecutionOrderSort2 (0ms)
			AwakeInstancesAfterBackupRestoration (10ms)
Platform modules already initialized, skipping
Refreshing native plugins compatible for Editor in 3.39 ms, found 3 plugins.
Preloading 0 native plugins for Editor in 0.00 ms.
Unloading 3638 Unused Serialized files (Serialized files now loaded: 0)
Unloading 44 unused Assets / (1.2 MB). Loaded Objects now: 4111.
Memory consumption went from 130.7 MB to 129.5 MB.
Total: 4.239400 ms (FindLiveObjects: 0.520200 ms CreateObjectMapping: 0.427300 ms MarkObjects: 2.970000 ms  DeleteObjects: 0.321100 ms)

AssetImportParameters requested are different than current active one (requested -> active):
  custom:video-decoder-ogg-theora: a1e56fd34408186e4bbccfd4996cb3dc -> 
  custom:container-muxer-webm: aa71ff27fc2769a1b78a27578f13a17b -> 
  custom:container-demuxer-webm: 4f35f7cbe854078d1ac9338744f61a02 -> 
  custom:video-encoder-webm-vp8: eb34c28f22e8b96e1ab97ce403110664 -> 
  custom:video-codec-MediaFoundation-h265: 746d11721c4dcdbdad8f713fa42b33f4 -> 
  custom:audio-encoder-webm-vorbis: bf7c407c2cedff20999df2af8eb42d56 -> 
  custom:framework-win-MediaFoundation: 216162199b28c13a410421893ffa2e32 -> 
  custom:container-demuxer-ogg: 62fdf1f143b41e24485cea50d1cbac27 -> 
  custom:video-decoder-webm-vp8: 9c59270c3fd7afecdb556c50c9e8de78 -> 
  custom:audio-decoder-ogg-vorbis: bf7c407c2cedff20999df2af8eb42d56 -> 
========================================================================
Received Import Request.
  Time since last request: 24.736496 seconds.
  path: Assets/#Scripts_VS/BulletMVC/BulletController_VS.cs
  artifactKey: Guid(4a98d1b1da477964d96d09dd969d360a) Importer(815301076,1909f56bfc062723c751e8b465ee728b)
Start importing Assets/#Scripts_VS/BulletMVC/BulletController_VS.cs using Guid(4a98d1b1da477964d96d09dd969d360a) Importer(815301076,1909f56bfc062723c751e8b465ee728b)  -> (artifact id: '89228a8010ca7291bcb59357d4283fd0') in 0.022766 seconds 
========================================================================
Received Prepare
Registering precompiled user dll's ...
Registered in 0.005003 seconds.
Begin MonoManager ReloadAssembly
Symbol file LoadedFromMemory doesn't match image D:\Outscal\UnityAdvance\battle-tank-game_Outscal\Library\PackageCache\com.unity.visualscripting@1.7.8\Editor\VisualScripting.Core\Dependencies\YamlDotNet\Unity.VisualScripting.YamlDotNet.dll
Symbol file LoadedFromMemory doesn't match image D:\Outscal\UnityAdvance\battle-tank-game_Outscal\Library\PackageCache\com.unity.visualscripting@1.7.8\Editor\VisualScripting.Core\Dependencies\DotNetZip\Unity.VisualScripting.IonicZip.dll
Native extension for WindowsStandalone target not found
Native extension for iOS target not found
Native extension for Android target not found
Refreshing native plugins compatible for Editor in 1.05 ms, found 3 plugins.
Preloading 0 native plugins for Editor in 0.00 ms.
Mono: successfully reloaded assembly
- Completed reload, in 18.482 seconds
Domain Reload Profiling:
	ReloadAssembly (18483ms)
		BeginReloadAssembly (7581ms)
			ExecutionOrderSort (0ms)
			DisableScriptedObjects (7ms)
			BackupInstance (0ms)
			ReleaseScriptingObjects (0ms)
			CreateAndSetChildDomain (47ms)
		EndReloadAssembly (10558ms)
			LoadAssemblies (13818ms)
			RebuildTransferFunctionScriptingTraits (0ms)
			SetupTypeCache (2009ms)
			ReleaseScriptCaches (2ms)
			RebuildScriptCaches (68ms)
			SetupLoadedEditorAssemblies (2018ms)
				LogAssemblyErrors (0ms)
				InitializePlatformSupportModulesInManaged (44ms)
				SetLoadedEditorAssemblies (1ms)
				RefreshPlugins (1ms)
				BeforeProcessingInitializeOnLoad (80ms)
				ProcessInitializeOnLoadAttributes (259ms)
				ProcessInitializeOnLoadMethodAttributes (1630ms)
				AfterProcessingInitializeOnLoad (3ms)
				EditorAssembliesLoaded (0ms)
			ExecutionOrderSort2 (0ms)
			AwakeInstancesAfterBackupRestoration (6ms)
Platform modules already initialized, skipping
Script is not up to date after domain reload: guid(ae67b9a7c5468564b825d9d30d363911) path("Assets/#Scripts_VS/BulletMVC/BulletModel_VS.cs") state(2)
Refreshing native plugins compatible for Editor in 3.07 ms, found 3 plugins.
Preloading 0 native plugins for Editor in 0.00 ms.
Unloading 3639 Unused Serialized files (Serialized files now loaded: 0)
Unloading 44 unused Assets / (1.2 MB). Loaded Objects now: 4115.
Memory consumption went from 130.8 MB to 129.5 MB.
Total: 4.596800 ms (FindLiveObjects: 0.368900 ms CreateObjectMapping: 0.267400 ms MarkObjects: 3.508000 ms  DeleteObjects: 0.451700 ms)

AssetImportParameters requested are different than current active one (requested -> active):
  custom:video-decoder-ogg-theora: a1e56fd34408186e4bbccfd4996cb3dc -> 
  custom:container-muxer-webm: aa71ff27fc2769a1b78a27578f13a17b -> 
  custom:container-demuxer-webm: 4f35f7cbe854078d1ac9338744f61a02 -> 
  custom:video-encoder-webm-vp8: eb34c28f22e8b96e1ab97ce403110664 -> 
  custom:video-codec-MediaFoundation-h265: 746d11721c4dcdbdad8f713fa42b33f4 -> 
  custom:audio-encoder-webm-vorbis: bf7c407c2cedff20999df2af8eb42d56 -> 
  custom:framework-win-MediaFoundation: 216162199b28c13a410421893ffa2e32 -> 
  custom:container-demuxer-ogg: 62fdf1f143b41e24485cea50d1cbac27 -> 
  custom:video-decoder-webm-vp8: 9c59270c3fd7afecdb556c50c9e8de78 -> 
  custom:audio-decoder-ogg-vorbis: bf7c407c2cedff20999df2af8eb42d56 -> 
========================================================================
Received Prepare
Registering precompiled user dll's ...
Registered in 0.002968 seconds.
Begin MonoManager ReloadAssembly
Symbol file LoadedFromMemory doesn't match image D:\Outscal\UnityAdvance\battle-tank-game_Outscal\Library\PackageCache\com.unity.visualscripting@1.7.8\Editor\VisualScripting.Core\Dependencies\YamlDotNet\Unity.VisualScripting.YamlDotNet.dll
Symbol file LoadedFromMemory doesn't match image D:\Outscal\UnityAdvance\battle-tank-game_Outscal\Library\PackageCache\com.unity.visualscripting@1.7.8\Editor\VisualScripting.Core\Dependencies\DotNetZip\Unity.VisualScripting.IonicZip.dll
Native extension for WindowsStandalone target not found
Native extension for iOS target not found
Native extension for Android target not found
Refreshing native plugins compatible for Editor in 0.77 ms, found 3 plugins.
Preloading 0 native plugins for Editor in 0.00 ms.
Mono: successfully reloaded assembly
- Completed reload, in  1.089 seconds
Domain Reload Profiling:
	ReloadAssembly (1090ms)
		BeginReloadAssembly (140ms)
			ExecutionOrderSort (0ms)
			DisableScriptedObjects (6ms)
			BackupInstance (0ms)
			ReleaseScriptingObjects (0ms)
			CreateAndSetChildDomain (38ms)
		EndReloadAssembly (837ms)
			LoadAssemblies (95ms)
			RebuildTransferFunctionScriptingTraits (0ms)
			SetupTypeCache (282ms)
			ReleaseScriptCaches (2ms)
			RebuildScriptCaches (46ms)
			SetupLoadedEditorAssemblies (369ms)
				LogAssemblyErrors (0ms)
				InitializePlatformSupportModulesInManaged (31ms)
				SetLoadedEditorAssemblies (1ms)
				RefreshPlugins (1ms)
				BeforeProcessingInitializeOnLoad (69ms)
				ProcessInitializeOnLoadAttributes (238ms)
				ProcessInitializeOnLoadMethodAttributes (26ms)
				AfterProcessingInitializeOnLoad (3ms)
				EditorAssembliesLoaded (0ms)
			ExecutionOrderSort2 (0ms)
			AwakeInstancesAfterBackupRestoration (6ms)
Platform modules already initialized, skipping
Refreshing native plugins compatible for Editor in 3.14 ms, found 3 plugins.
Preloading 0 native plugins for Editor in 0.00 ms.
Unloading 3640 Unused Serialized files (Serialized files now loaded: 0)
Unloading 44 unused Assets / (1.2 MB). Loaded Objects now: 4119.
Memory consumption went from 130.8 MB to 129.5 MB.
Total: 4.735300 ms (FindLiveObjects: 0.570600 ms CreateObjectMapping: 0.361400 ms MarkObjects: 3.471300 ms  DeleteObjects: 0.330600 ms)

AssetImportParameters requested are different than current active one (requested -> active):
  custom:video-decoder-ogg-theora: a1e56fd34408186e4bbccfd4996cb3dc -> 
  custom:container-muxer-webm: aa71ff27fc2769a1b78a27578f13a17b -> 
  custom:container-demuxer-webm: 4f35f7cbe854078d1ac9338744f61a02 -> 
  custom:video-encoder-webm-vp8: eb34c28f22e8b96e1ab97ce403110664 -> 
  custom:video-codec-MediaFoundation-h265: 746d11721c4dcdbdad8f713fa42b33f4 -> 
  custom:audio-encoder-webm-vorbis: bf7c407c2cedff20999df2af8eb42d56 -> 
  custom:framework-win-MediaFoundation: 216162199b28c13a410421893ffa2e32 -> 
  custom:container-demuxer-ogg: 62fdf1f143b41e24485cea50d1cbac27 -> 
  custom:video-decoder-webm-vp8: 9c59270c3fd7afecdb556c50c9e8de78 -> 
  custom:audio-decoder-ogg-vorbis: bf7c407c2cedff20999df2af8eb42d56 -> 
========================================================================
Received Import Request.
  Time since last request: 498.288946 seconds.
  path: Assets/#Scripts_VS/BulletMVC/BulletView_VS.cs
  artifactKey: Guid(db7854296b3b58a40a529fa83f495e67) Importer(815301076,1909f56bfc062723c751e8b465ee728b)
Start importing Assets/#Scripts_VS/BulletMVC/BulletView_VS.cs using Guid(db7854296b3b58a40a529fa83f495e67) Importer(815301076,1909f56bfc062723c751e8b465ee728b)  -> (artifact id: 'eb84a4141ce2e454de25f9abb57678ad') in 0.039156 seconds 
========================================================================
Received Import Request.
  Time since last request: 5.045869 seconds.
  path: Assets/#Scripts_VS/BulletMVC/BulletView_VS.cs
  artifactKey: Guid(db7854296b3b58a40a529fa83f495e67) Importer(815301076,1909f56bfc062723c751e8b465ee728b)
Start importing Assets/#Scripts_VS/BulletMVC/BulletView_VS.cs using Guid(db7854296b3b58a40a529fa83f495e67) Importer(815301076,1909f56bfc062723c751e8b465ee728b)  -> (artifact id: 'ddef6f5fbf0c5a4261979640b844afff') in 0.002450 seconds 
========================================================================
Received Import Request.
  Time since last request: 7.998212 seconds.
  path: Assets/#Scripts_VS/BulletMVC/BulletView_VS.cs
  artifactKey: Guid(db7854296b3b58a40a529fa83f495e67) Importer(815301076,1909f56bfc062723c751e8b465ee728b)
Start importing Assets/#Scripts_VS/BulletMVC/BulletView_VS.cs using Guid(db7854296b3b58a40a529fa83f495e67) Importer(815301076,1909f56bfc062723c751e8b465ee728b)  -> (artifact id: 'bb9784cb35ace88a0d3f97c0b41feb33') in 0.003160 seconds 
========================================================================
Received Import Request.
  Time since last request: 12.639409 seconds.
  path: Assets/#Scripts_VS/BulletMVC/BulletView_VS.cs
  artifactKey: Guid(db7854296b3b58a40a529fa83f495e67) Importer(815301076,1909f56bfc062723c751e8b465ee728b)
Start importing Assets/#Scripts_VS/BulletMVC/BulletView_VS.cs using Guid(db7854296b3b58a40a529fa83f495e67) Importer(815301076,1909f56bfc062723c751e8b465ee728b)  -> (artifact id: 'b14e2ddb259eb3402d3c98e05bbf234a') in 0.002974 seconds 
========================================================================
Received Import Request.
  Time since last request: 8.396791 seconds.
  path: Assets/#Scripts_VS/BulletMVC/BulletView_VS.cs
  artifactKey: Guid(db7854296b3b58a40a529fa83f495e67) Importer(815301076,1909f56bfc062723c751e8b465ee728b)
Start importing Assets/#Scripts_VS/BulletMVC/BulletView_VS.cs using Guid(db7854296b3b58a40a529fa83f495e67) Importer(815301076,1909f56bfc062723c751e8b465ee728b)  -> (artifact id: 'f952d8263e5316e1b495695b09f1ecc9') in 0.002467 seconds 
========================================================================
Received Import Request.
  Time since last request: 27.147463 seconds.
  path: Assets/#Scripts_VS/BulletMVC/BulletView_VS.cs
  artifactKey: Guid(db7854296b3b58a40a529fa83f495e67) Importer(815301076,1909f56bfc062723c751e8b465ee728b)
Start importing Assets/#Scripts_VS/BulletMVC/BulletView_VS.cs using Guid(db7854296b3b58a40a529fa83f495e67) Importer(815301076,1909f56bfc062723c751e8b465ee728b)  -> (artifact id: 'f82bdf64b4addd701505da1b8c2e0804') in 0.004403 seconds 
========================================================================
Received Import Request.
  Time since last request: 41.084263 seconds.
  path: Assets/#Scripts_VS/BulletMVC/BulletView_VS.cs
  artifactKey: Guid(db7854296b3b58a40a529fa83f495e67) Importer(815301076,1909f56bfc062723c751e8b465ee728b)
Start importing Assets/#Scripts_VS/BulletMVC/BulletView_VS.cs using Guid(db7854296b3b58a40a529fa83f495e67) Importer(815301076,1909f56bfc062723c751e8b465ee728b)  -> (artifact id: '610f2285c39a667d06afd748dc9b49bc') in 0.002770 seconds 
========================================================================
Received Prepare
Registering precompiled user dll's ...
Registered in 0.003142 seconds.
Begin MonoManager ReloadAssembly
Symbol file LoadedFromMemory doesn't match image D:\Outscal\UnityAdvance\battle-tank-game_Outscal\Library\PackageCache\com.unity.visualscripting@1.7.8\Editor\VisualScripting.Core\Dependencies\YamlDotNet\Unity.VisualScripting.YamlDotNet.dll
Symbol file LoadedFromMemory doesn't match image D:\Outscal\UnityAdvance\battle-tank-game_Outscal\Library\PackageCache\com.unity.visualscripting@1.7.8\Editor\VisualScripting.Core\Dependencies\DotNetZip\Unity.VisualScripting.IonicZip.dll
Native extension for WindowsStandalone target not found
Native extension for iOS target not found
Native extension for Android target not found
Refreshing native plugins compatible for Editor in 0.73 ms, found 3 plugins.
Preloading 0 native plugins for Editor in 0.00 ms.
Mono: successfully reloaded assembly
- Completed reload, in  1.036 seconds
Domain Reload Profiling:
	ReloadAssembly (1037ms)
		BeginReloadAssembly (150ms)
			ExecutionOrderSort (0ms)
			DisableScriptedObjects (6ms)
			BackupInstance (0ms)
			ReleaseScriptingObjects (0ms)
			CreateAndSetChildDomain (43ms)
		EndReloadAssembly (791ms)
			LoadAssemblies (103ms)
			RebuildTransferFunctionScriptingTraits (0ms)
			SetupTypeCache (255ms)
			ReleaseScriptCaches (2ms)
			RebuildScriptCaches (46ms)
			SetupLoadedEditorAssemblies (351ms)
				LogAssemblyErrors (0ms)
				InitializePlatformSupportModulesInManaged (33ms)
				SetLoadedEditorAssemblies (1ms)
				RefreshPlugins (1ms)
				BeforeProcessingInitializeOnLoad (69ms)
				ProcessInitializeOnLoadAttributes (215ms)
				ProcessInitializeOnLoadMethodAttributes (29ms)
				AfterProcessingInitializeOnLoad (3ms)
				EditorAssembliesLoaded (0ms)
			ExecutionOrderSort2 (0ms)
			AwakeInstancesAfterBackupRestoration (6ms)
Platform modules already initialized, skipping
Refreshing native plugins compatible for Editor in 2.81 ms, found 3 plugins.
Preloading 0 native plugins for Editor in 0.00 ms.
Unloading 3640 Unused Serialized files (Serialized files now loaded: 0)
Unloading 44 unused Assets / (1.2 MB). Loaded Objects now: 4122.
Memory consumption went from 130.8 MB to 129.5 MB.
Total: 4.061600 ms (FindLiveObjects: 0.545900 ms CreateObjectMapping: 0.277100 ms MarkObjects: 2.934600 ms  DeleteObjects: 0.303100 ms)

AssetImportParameters requested are different than current active one (requested -> active):
  custom:video-decoder-ogg-theora: a1e56fd34408186e4bbccfd4996cb3dc -> 
  custom:container-muxer-webm: aa71ff27fc2769a1b78a27578f13a17b -> 
  custom:container-demuxer-webm: 4f35f7cbe854078d1ac9338744f61a02 -> 
  custom:video-encoder-webm-vp8: eb34c28f22e8b96e1ab97ce403110664 -> 
  custom:video-codec-MediaFoundation-h265: 746d11721c4dcdbdad8f713fa42b33f4 -> 
  custom:audio-encoder-webm-vorbis: bf7c407c2cedff20999df2af8eb42d56 -> 
  custom:framework-win-MediaFoundation: 216162199b28c13a410421893ffa2e32 -> 
  custom:container-demuxer-ogg: 62fdf1f143b41e24485cea50d1cbac27 -> 
  custom:video-decoder-webm-vp8: 9c59270c3fd7afecdb556c50c9e8de78 -> 
  custom:audio-decoder-ogg-vorbis: bf7c407c2cedff20999df2af8eb42d56 -> 
========================================================================
Received Import Request.
  Time since last request: 157.867901 seconds.
  path: Assets/#Scripts_VS/ScriptableObjects/Bullets
  artifactKey: Guid(0031170d9e6b75c419d73845d9bb5c4a) Importer(815301076,1909f56bfc062723c751e8b465ee728b)
Start importing Assets/#Scripts_VS/ScriptableObjects/Bullets using Guid(0031170d9e6b75c419d73845d9bb5c4a) Importer(815301076,1909f56bfc062723c751e8b465ee728b)  -> (artifact id: '81ee36e97f93b37d9fc8974fca7bb5fd') in 0.036261 seconds 
========================================================================
Received Import Request.
  Time since last request: 32.399302 seconds.
  path: Assets/#Scripts_VS/ScriptableObjects/Bullets/BulletScriptableObject.cs
  artifactKey: Guid(bcd011ddc0382954fb9c1a00538d2fd9) Importer(815301076,1909f56bfc062723c751e8b465ee728b)
Start importing Assets/#Scripts_VS/ScriptableObjects/Bullets/BulletScriptableObject.cs using Guid(bcd011ddc0382954fb9c1a00538d2fd9) Importer(815301076,1909f56bfc062723c751e8b465ee728b)  -> (artifact id: 'e601d0f2506b54594d97681e8de8ce96') in 0.022319 seconds 
========================================================================
Received Prepare
Registering precompiled user dll's ...
Registered in 0.005437 seconds.
Begin MonoManager ReloadAssembly
Symbol file LoadedFromMemory doesn't match image D:\Outscal\UnityAdvance\battle-tank-game_Outscal\Library\PackageCache\com.unity.visualscripting@1.7.8\Editor\VisualScripting.Core\Dependencies\YamlDotNet\Unity.VisualScripting.YamlDotNet.dll
Symbol file LoadedFromMemory doesn't match image D:\Outscal\UnityAdvance\battle-tank-game_Outscal\Library\PackageCache\com.unity.visualscripting@1.7.8\Editor\VisualScripting.Core\Dependencies\DotNetZip\Unity.VisualScripting.IonicZip.dll
Native extension for WindowsStandalone target not found
Native extension for iOS target not found
Native extension for Android target not found
Refreshing native plugins compatible for Editor in 0.91 ms, found 3 plugins.
Preloading 0 native plugins for Editor in 0.00 ms.
Mono: successfully reloaded assembly
- Completed reload, in  1.259 seconds
Domain Reload Profiling:
	ReloadAssembly (1260ms)
		BeginReloadAssembly (160ms)
			ExecutionOrderSort (0ms)
			DisableScriptedObjects (6ms)
			BackupInstance (0ms)
			ReleaseScriptingObjects (0ms)
			CreateAndSetChildDomain (41ms)
		EndReloadAssembly (997ms)
			LoadAssemblies (117ms)
			RebuildTransferFunctionScriptingTraits (0ms)
			SetupTypeCache (405ms)
			ReleaseScriptCaches (2ms)
			RebuildScriptCaches (60ms)
			SetupLoadedEditorAssemblies (379ms)
				LogAssemblyErrors (0ms)
				InitializePlatformSupportModulesInManaged (34ms)
				SetLoadedEditorAssemblies (1ms)
				RefreshPlugins (1ms)
				BeforeProcessingInitializeOnLoad (75ms)
				ProcessInitializeOnLoadAttributes (240ms)
				ProcessInitializeOnLoadMethodAttributes (25ms)
				AfterProcessingInitializeOnLoad (3ms)
				EditorAssembliesLoaded (0ms)
			ExecutionOrderSort2 (0ms)
			AwakeInstancesAfterBackupRestoration (7ms)
Platform modules already initialized, skipping
Refreshing native plugins compatible for Editor in 2.41 ms, found 3 plugins.
Preloading 0 native plugins for Editor in 0.00 ms.
Unloading 3641 Unused Serialized files (Serialized files now loaded: 0)
Unloading 44 unused Assets / (1.2 MB). Loaded Objects now: 4126.
Memory consumption went from 130.8 MB to 129.6 MB.
Total: 3.403900 ms (FindLiveObjects: 0.275500 ms CreateObjectMapping: 0.180100 ms MarkObjects: 2.669900 ms  DeleteObjects: 0.277600 ms)

AssetImportParameters requested are different than current active one (requested -> active):
  custom:video-decoder-ogg-theora: a1e56fd34408186e4bbccfd4996cb3dc -> 
  custom:container-muxer-webm: aa71ff27fc2769a1b78a27578f13a17b -> 
  custom:container-demuxer-webm: 4f35f7cbe854078d1ac9338744f61a02 -> 
  custom:video-encoder-webm-vp8: eb34c28f22e8b96e1ab97ce403110664 -> 
  custom:video-codec-MediaFoundation-h265: 746d11721c4dcdbdad8f713fa42b33f4 -> 
  custom:audio-encoder-webm-vorbis: bf7c407c2cedff20999df2af8eb42d56 -> 
  custom:framework-win-MediaFoundation: 216162199b28c13a410421893ffa2e32 -> 
  custom:container-demuxer-ogg: 62fdf1f143b41e24485cea50d1cbac27 -> 
  custom:video-decoder-webm-vp8: 9c59270c3fd7afecdb556c50c9e8de78 -> 
  custom:audio-decoder-ogg-vorbis: bf7c407c2cedff20999df2af8eb42d56 -> 
========================================================================
Received Import Request.
  Time since last request: 174.343707 seconds.
  path: Assets/#Scripts_VS/ScriptableObjects/Bullets/BulletScriptableObject.cs
  artifactKey: Guid(bcd011ddc0382954fb9c1a00538d2fd9) Importer(815301076,1909f56bfc062723c751e8b465ee728b)
Start importing Assets/#Scripts_VS/ScriptableObjects/Bullets/BulletScriptableObject.cs using Guid(bcd011ddc0382954fb9c1a00538d2fd9) Importer(815301076,1909f56bfc062723c751e8b465ee728b)  -> (artifact id: '358d842ab4b2448adb0d9df1761a90d8') in 0.009746 seconds 
========================================================================
Received Import Request.
  Time since last request: 9.539806 seconds.
  path: Assets/#Scripts_VS/ScriptableObjects/Bullets/BulletScriptableObject.cs
  artifactKey: Guid(bcd011ddc0382954fb9c1a00538d2fd9) Importer(815301076,1909f56bfc062723c751e8b465ee728b)
Start importing Assets/#Scripts_VS/ScriptableObjects/Bullets/BulletScriptableObject.cs using Guid(bcd011ddc0382954fb9c1a00538d2fd9) Importer(815301076,1909f56bfc062723c751e8b465ee728b)  -> (artifact id: '9a73f600cd519d40db2628b2f0f03e97') in 0.002518 seconds 
========================================================================
Received Prepare
Registering precompiled user dll's ...
Registered in 0.004705 seconds.
Begin MonoManager ReloadAssembly
Symbol file LoadedFromMemory doesn't match image D:\Outscal\UnityAdvance\battle-tank-game_Outscal\Library\PackageCache\com.unity.visualscripting@1.7.8\Editor\VisualScripting.Core\Dependencies\YamlDotNet\Unity.VisualScripting.YamlDotNet.dll
Symbol file LoadedFromMemory doesn't match image D:\Outscal\UnityAdvance\battle-tank-game_Outscal\Library\PackageCache\com.unity.visualscripting@1.7.8\Editor\VisualScripting.Core\Dependencies\DotNetZip\Unity.VisualScripting.IonicZip.dll
Native extension for WindowsStandalone target not found
Native extension for iOS target not found
Native extension for Android target not found
Refreshing native plugins compatible for Editor in 0.77 ms, found 3 plugins.
Preloading 0 native plugins for Editor in 0.00 ms.
Mono: successfully reloaded assembly
- Completed reload, in  1.137 seconds
Domain Reload Profiling:
	ReloadAssembly (1138ms)
		BeginReloadAssembly (143ms)
			ExecutionOrderSort (0ms)
			DisableScriptedObjects (6ms)
			BackupInstance (0ms)
			ReleaseScriptingObjects (0ms)
			CreateAndSetChildDomain (39ms)
		EndReloadAssembly (872ms)
			LoadAssemblies (102ms)
			RebuildTransferFunctionScriptingTraits (0ms)
			SetupTypeCache (317ms)
			ReleaseScriptCaches (3ms)
			RebuildScriptCaches (61ms)
			SetupLoadedEditorAssemblies (332ms)
				LogAssemblyErrors (0ms)
				InitializePlatformSupportModulesInManaged (35ms)
				SetLoadedEditorAssemblies (1ms)
				RefreshPlugins (1ms)
				BeforeProcessingInitializeOnLoad (64ms)
				ProcessInitializeOnLoadAttributes (199ms)
				ProcessInitializeOnLoadMethodAttributes (28ms)
				AfterProcessingInitializeOnLoad (3ms)
				EditorAssembliesLoaded (0ms)
			ExecutionOrderSort2 (0ms)
			AwakeInstancesAfterBackupRestoration (6ms)
Platform modules already initialized, skipping
Refreshing native plugins compatible for Editor in 2.61 ms, found 3 plugins.
Preloading 0 native plugins for Editor in 0.00 ms.
Unloading 3641 Unused Serialized files (Serialized files now loaded: 0)
Unloading 44 unused Assets / (1.2 MB). Loaded Objects now: 4129.
Memory consumption went from 130.8 MB to 129.6 MB.
Total: 3.487500 ms (FindLiveObjects: 0.276300 ms CreateObjectMapping: 0.186900 ms MarkObjects: 2.741700 ms  DeleteObjects: 0.281700 ms)

AssetImportParameters requested are different than current active one (requested -> active):
  custom:video-decoder-ogg-theora: a1e56fd34408186e4bbccfd4996cb3dc -> 
  custom:container-muxer-webm: aa71ff27fc2769a1b78a27578f13a17b -> 
  custom:container-demuxer-webm: 4f35f7cbe854078d1ac9338744f61a02 -> 
  custom:video-encoder-webm-vp8: eb34c28f22e8b96e1ab97ce403110664 -> 
  custom:video-codec-MediaFoundation-h265: 746d11721c4dcdbdad8f713fa42b33f4 -> 
  custom:audio-encoder-webm-vorbis: bf7c407c2cedff20999df2af8eb42d56 -> 
  custom:framework-win-MediaFoundation: 216162199b28c13a410421893ffa2e32 -> 
  custom:container-demuxer-ogg: 62fdf1f143b41e24485cea50d1cbac27 -> 
  custom:video-decoder-webm-vp8: 9c59270c3fd7afecdb556c50c9e8de78 -> 
  custom:audio-decoder-ogg-vorbis: bf7c407c2cedff20999df2af8eb42d56 -> 
========================================================================
Received Import Request.
  Time since last request: 1613.764292 seconds.
  path: Assets/#Scripts_VS/BulletMVC/BulletModel_VS.cs
  artifactKey: Guid(ae67b9a7c5468564b825d9d30d363911) Importer(815301076,1909f56bfc062723c751e8b465ee728b)
Start importing Assets/#Scripts_VS/BulletMVC/BulletModel_VS.cs using Guid(ae67b9a7c5468564b825d9d30d363911) Importer(815301076,1909f56bfc062723c751e8b465ee728b)  -> (artifact id: '14f132e93f9cd97bbef275182c8c9fd8') in 0.051304 seconds 
========================================================================
Received Import Request.
  Time since last request: 15.343977 seconds.
  path: Assets/#Scripts_VS/BulletMVC/BulletModel_VS.cs
  artifactKey: Guid(ae67b9a7c5468564b825d9d30d363911) Importer(815301076,1909f56bfc062723c751e8b465ee728b)
Start importing Assets/#Scripts_VS/BulletMVC/BulletModel_VS.cs using Guid(ae67b9a7c5468564b825d9d30d363911) Importer(815301076,1909f56bfc062723c751e8b465ee728b)  -> (artifact id: '00000000000000000000000000000000') in 0.000365 seconds  code(4) message(Build asset version error: assets/#scripts_vs/bulletmvc/bulletmodel_vs.cs in SourceAssetDB has modification time of '2023-09-07T04:03:07.7501928Z' while content on disk has modification time of '2023-09-07T04:03:08.0795459Z')
  ERROR: Build asset version error: assets/#scripts_vs/bulletmvc/bulletmodel_vs.cs in SourceAssetDB has modification time of '2023-09-07T04:03:07.7501928Z' while content on disk has modification time of '2023-09-07T04:03:08.0795459Z'
========================================================================
Received Import Request.
  Time since last request: 153.180625 seconds.
  path: Assets/#Scripts_VS/BulletMVC/BulletModel_VS.cs
  artifactKey: Guid(ae67b9a7c5468564b825d9d30d363911) Importer(815301076,1909f56bfc062723c751e8b465ee728b)
Start importing Assets/#Scripts_VS/BulletMVC/BulletModel_VS.cs using Guid(ae67b9a7c5468564b825d9d30d363911) Importer(815301076,1909f56bfc062723c751e8b465ee728b)  -> (artifact id: '2c4762f039840e060e01238f60efd7c4') in 0.002928 seconds 
========================================================================
Received Import Request.
  Time since last request: 5.748035 seconds.
  path: Assets/#Scripts_VS/BulletMVC/BulletModel_VS.cs
  artifactKey: Guid(ae67b9a7c5468564b825d9d30d363911) Importer(815301076,1909f56bfc062723c751e8b465ee728b)
Start importing Assets/#Scripts_VS/BulletMVC/BulletModel_VS.cs using Guid(ae67b9a7c5468564b825d9d30d363911) Importer(815301076,1909f56bfc062723c751e8b465ee728b)  -> (artifact id: 'afb70504d11f3262ddbdc605ed329c98') in 0.002136 seconds 
========================================================================
Received Import Request.
  Time since last request: 9.570801 seconds.
  path: Assets/#Scripts_VS/BulletMVC/BulletModel_VS.cs
  artifactKey: Guid(ae67b9a7c5468564b825d9d30d363911) Importer(815301076,1909f56bfc062723c751e8b465ee728b)
Start importing Assets/#Scripts_VS/BulletMVC/BulletModel_VS.cs using Guid(ae67b9a7c5468564b825d9d30d363911) Importer(815301076,1909f56bfc062723c751e8b465ee728b)  -> (artifact id: '00000000000000000000000000000000') in 0.000450 seconds  code(4) message(Build asset version error: assets/#scripts_vs/bulletmvc/bulletmodel_vs.cs in SourceAssetDB has modification time of '2023-09-07T04:05:56.9150968Z' while content on disk has modification time of '2023-09-07T04:05:57.0876349Z')
  ERROR: Build asset version error: assets/#scripts_vs/bulletmvc/bulletmodel_vs.cs in SourceAssetDB has modification time of '2023-09-07T04:05:56.9150968Z' while content on disk has modification time of '2023-09-07T04:05:57.0876349Z'
========================================================================
Received Import Request.
  Time since last request: 36.769877 seconds.
  path: Assets/#Scripts_VS/BulletMVC/BulletModel_VS.cs
  artifactKey: Guid(ae67b9a7c5468564b825d9d30d363911) Importer(815301076,1909f56bfc062723c751e8b465ee728b)
Start importing Assets/#Scripts_VS/BulletMVC/BulletModel_VS.cs using Guid(ae67b9a7c5468564b825d9d30d363911) Importer(815301076,1909f56bfc062723c751e8b465ee728b)  -> (artifact id: '1ad95a566158d44220e4a349f0ce096a') in 0.002000 seconds 
========================================================================
Received Import Request.
  Time since last request: 55.506057 seconds.
  path: Assets/#Scripts_VS/BulletMVC/BulletModel_VS.cs
  artifactKey: Guid(ae67b9a7c5468564b825d9d30d363911) Importer(815301076,1909f56bfc062723c751e8b465ee728b)
Start importing Assets/#Scripts_VS/BulletMVC/BulletModel_VS.cs using Guid(ae67b9a7c5468564b825d9d30d363911) Importer(815301076,1909f56bfc062723c751e8b465ee728b)  -> (artifact id: '3fcb6e6eeeb2ef3e393057aad462f493') in 0.001873 seconds 
========================================================================
Received Import Request.
  Time since last request: 18.729032 seconds.
  path: Assets/#Scripts_VS/BulletMVC/BulletModel_VS.cs
  artifactKey: Guid(ae67b9a7c5468564b825d9d30d363911) Importer(815301076,1909f56bfc062723c751e8b465ee728b)
Start importing Assets/#Scripts_VS/BulletMVC/BulletModel_VS.cs using Guid(ae67b9a7c5468564b825d9d30d363911) Importer(815301076,1909f56bfc062723c751e8b465ee728b)  -> (artifact id: '0a72ebdfa2621d6618a01fd8af7560f3') in 0.002883 seconds 
========================================================================
Received Import Request.
  Time since last request: 10.769303 seconds.
  path: Assets/#Scripts_VS/BulletMVC/BulletModel_VS.cs
  artifactKey: Guid(ae67b9a7c5468564b825d9d30d363911) Importer(815301076,1909f56bfc062723c751e8b465ee728b)
Start importing Assets/#Scripts_VS/BulletMVC/BulletModel_VS.cs using Guid(ae67b9a7c5468564b825d9d30d363911) Importer(815301076,1909f56bfc062723c751e8b465ee728b)  -> (artifact id: '01f047eba8e7ce0a9258e9f7b8210b41') in 0.001877 seconds 
========================================================================
Received Prepare
Registering precompiled user dll's ...
Registered in 0.003194 seconds.
Begin MonoManager ReloadAssembly
Symbol file LoadedFromMemory doesn't match image D:\Outscal\UnityAdvance\battle-tank-game_Outscal\Library\PackageCache\com.unity.visualscripting@1.7.8\Editor\VisualScripting.Core\Dependencies\YamlDotNet\Unity.VisualScripting.YamlDotNet.dll
Symbol file LoadedFromMemory doesn't match image D:\Outscal\UnityAdvance\battle-tank-game_Outscal\Library\PackageCache\com.unity.visualscripting@1.7.8\Editor\VisualScripting.Core\Dependencies\DotNetZip\Unity.VisualScripting.IonicZip.dll
Native extension for WindowsStandalone target not found
Native extension for iOS target not found
Native extension for Android target not found
Refreshing native plugins compatible for Editor in 0.84 ms, found 3 plugins.
Preloading 0 native plugins for Editor in 0.00 ms.
Mono: successfully reloaded assembly
- Completed reload, in  0.941 seconds
Domain Reload Profiling:
	ReloadAssembly (942ms)
		BeginReloadAssembly (127ms)
			ExecutionOrderSort (0ms)
			DisableScriptedObjects (6ms)
			BackupInstance (0ms)
			ReleaseScriptingObjects (0ms)
			CreateAndSetChildDomain (35ms)
		EndReloadAssembly (728ms)
			LoadAssemblies (89ms)
			RebuildTransferFunctionScriptingTraits (0ms)
			SetupTypeCache (274ms)
			ReleaseScriptCaches (2ms)
			RebuildScriptCaches (37ms)
			SetupLoadedEditorAssemblies (300ms)
				LogAssemblyErrors (0ms)
				InitializePlatformSupportModulesInManaged (27ms)
				SetLoadedEditorAssemblies (0ms)
				RefreshPlugins (1ms)
				BeforeProcessingInitializeOnLoad (63ms)
				ProcessInitializeOnLoadAttributes (182ms)
				ProcessInitializeOnLoadMethodAttributes (25ms)
				AfterProcessingInitializeOnLoad (3ms)
				EditorAssembliesLoaded (0ms)
			ExecutionOrderSort2 (0ms)
			AwakeInstancesAfterBackupRestoration (5ms)
Platform modules already initialized, skipping
Refreshing native plugins compatible for Editor in 2.66 ms, found 3 plugins.
Preloading 0 native plugins for Editor in 0.00 ms.
Unloading 3641 Unused Serialized files (Serialized files now loaded: 0)
Unloading 44 unused Assets / (1.2 MB). Loaded Objects now: 4132.
Memory consumption went from 130.8 MB to 129.6 MB.
Total: 10.880300 ms (FindLiveObjects: 0.370300 ms CreateObjectMapping: 0.237500 ms MarkObjects: 9.992300 ms  DeleteObjects: 0.278300 ms)

AssetImportParameters requested are different than current active one (requested -> active):
  custom:video-decoder-ogg-theora: a1e56fd34408186e4bbccfd4996cb3dc -> 
  custom:container-muxer-webm: aa71ff27fc2769a1b78a27578f13a17b -> 
  custom:container-demuxer-webm: 4f35f7cbe854078d1ac9338744f61a02 -> 
  custom:video-encoder-webm-vp8: eb34c28f22e8b96e1ab97ce403110664 -> 
  custom:video-codec-MediaFoundation-h265: 746d11721c4dcdbdad8f713fa42b33f4 -> 
  custom:audio-encoder-webm-vorbis: bf7c407c2cedff20999df2af8eb42d56 -> 
  custom:framework-win-MediaFoundation: 216162199b28c13a410421893ffa2e32 -> 
  custom:container-demuxer-ogg: 62fdf1f143b41e24485cea50d1cbac27 -> 
  custom:video-decoder-webm-vp8: 9c59270c3fd7afecdb556c50c9e8de78 -> 
  custom:audio-decoder-ogg-vorbis: bf7c407c2cedff20999df2af8eb42d56 -> 
